<?xml version="1.0" encoding="UTF-8"?>
<testsuites name="TestSuiteDiferentesTest" time="31.188" tests="2" failures="1" errors="0">
   <testsuite name="TestSuiteDiferentesTest" tests="2" failures="1" errors="0" time="31.188" skipped="0" timestamp="2023-05-31 09:42:48" hostname="admin - 192.168.0.8" id="Test Suites/TestSuiteDiferentesTest">
      <properties>
         <property name="deviceName"/>
         <property name="devicePlatform" value=""/>
         <property name="logFolder" value="C:\\Users\\admin\\git\\DemoPresentacion\\Reports\\20230531_094236\\TestSuiteDiferentesTest\\20230531_094236"/>
         <property name="logFiles" value="C:\\Users\\admin\\git\\DemoPresentacion\\Reports\\20230531_094236\\TestSuiteDiferentesTest\\20230531_094236\\execution0.log"/>
         <property name="attachments" value=""/>
         <property name="hostName" value="admin - 192.168.0.8"/>
         <property name="desiredCapabilities" value="{}"/>
         <property name="os" value="Windows 10 64bit"/>
         <property name="katalonVersion" value="8.6.0.208"/>
         <property name="browser" value="Chrome 113.0.0.0"/>
         <property name="hostAddress" value="192.168.0.8"/>
         <property name="sessionId" value="b71cc67e31d4f52b2d783735bb1efa6d"/>
         <property name="seleniumVersion" value="3.141.59"/>
         <property name="proxyInformation" value="ProxyInformation { proxyOption=NO_PROXY, proxyServerType=HTTP, username=, password=********, proxyServerAddress=, proxyServerPort=0, executionList=&quot;&quot;, isApplyToDesiredCapabilities=true }"/>
         <property name="platform" value="Windows 10"/>
      </properties>
      <testcase name="Test Cases/CasoDesktop/CasoDesktop" time="2.077" classname="Test Cases/CasoDesktop/CasoDesktop" status="FAILED">
         <failure type="FAILED" message="Test Cases/CasoDesktop/CasoDesktop FAILED.
Reason:
com.kms.katalon.core.exception.StepFailedException: Connection refused: connect
Build info: version: '3.141.59', revision: 'e82be7d358', time: '2018-11-14T08:25:53'
System info: host: 'NTK0999', ip: '192.168.0.8', os.name: 'Windows 10', os.arch: 'amd64', os.version: '10.0', java.version: '1.8.0_282'
Driver info: driver.version: WindowsDriver (Root cause: org.openqa.selenium.WebDriverException: Connection refused: connect
Build info: version: '3.141.59', revision: 'e82be7d358', time: '2018-11-14T08:25:53'
System info: host: 'NTK0999', ip: '192.168.0.8', os.name: 'Windows 10', os.arch: 'amd64', os.version: '10.0', java.version: '1.8.0_282'
Driver info: driver.version: WindowsDriver
	at io.appium.java_client.remote.AppiumCommandExecutor.lambda$5(AppiumCommandExecutor.java:251)
	at io.appium.java_client.remote.AppiumCommandExecutor.execute(AppiumCommandExecutor.java:250)
	at org.openqa.selenium.remote.RemoteWebDriver.execute(RemoteWebDriver.java:552)
	at io.appium.java_client.DefaultGenericMobileDriver.execute(DefaultGenericMobileDriver.java:42)
	at io.appium.java_client.AppiumDriver.execute(AppiumDriver.java:1)
	at io.appium.java_client.windows.WindowsDriver.execute(WindowsDriver.java:1)
	at org.openqa.selenium.remote.RemoteWebDriver.startSession(RemoteWebDriver.java:213)
	at org.openqa.selenium.remote.RemoteWebDriver.&lt;init>(RemoteWebDriver.java:131)
	at io.appium.java_client.DefaultGenericMobileDriver.&lt;init>(DefaultGenericMobileDriver.java:38)
	at io.appium.java_client.AppiumDriver.&lt;init>(AppiumDriver.java:84)
	at io.appium.java_client.windows.WindowsDriver.&lt;init>(WindowsDriver.java:38)
	at com.kms.katalon.core.windows.driver.WindowsDriverFactory.newWindowsDriver(WindowsDriverFactory.java:194)
	at com.kms.katalon.core.windows.driver.WindowsDriverFactory.startApplication(WindowsDriverFactory.java:112)
	at com.kms.katalon.core.windows.driver.WindowsDriverFactory.startApplication(WindowsDriverFactory.java:96)
	at com.kms.katalon.core.windows.driver.WindowsDriverFactory$startApplication.call(Unknown Source)
	at com.kms.katalon.core.windows.keyword.builtin.StartApplicationWithTitleKeyword$_startApplicationWithTitle_closure1.doCall(StartApplicationWithTitleKeyword.groovy:33)
	at com.kms.katalon.core.windows.keyword.builtin.StartApplicationWithTitleKeyword$_startApplicationWithTitle_closure1.doCall(StartApplicationWithTitleKeyword.groovy)
	at com.kms.katalon.core.keyword.internal.KeywordMain.runKeyword(KeywordMain.groovy:90)
	at com.kms.katalon.core.keyword.internal.KeywordMain$runKeyword.call(Unknown Source)
	at com.kms.katalon.core.windows.keyword.builtin.StartApplicationWithTitleKeyword.startApplicationWithTitle(StartApplicationWithTitleKeyword.groovy:32)
	at com.kms.katalon.core.windows.keyword.builtin.StartApplicationWithTitleKeyword.execute(StartApplicationWithTitleKeyword.groovy:28)
	at com.kms.katalon.core.keyword.internal.KeywordExecutor.executeKeywordForPlatform(KeywordExecutor.groovy:74)
	at com.kms.katalon.core.windows.keyword.WindowsBuiltinKeywords.startApplicationWithTitle(WindowsBuiltinKeywords.java:1064)
	at com.kms.katalon.core.windows.keyword.WindowsBuiltinKeywords$startApplicationWithTitle.call(Unknown Source)
	at CasoDesktop.run(CasoDesktop:20)
	at com.kms.katalon.core.main.ScriptEngine.run(ScriptEngine.java:194)
	at com.kms.katalon.core.main.ScriptEngine.runScriptAsRawText(ScriptEngine.java:119)
	at com.kms.katalon.core.main.TestCaseExecutor.runScript(TestCaseExecutor.java:448)
	at com.kms.katalon.core.main.TestCaseExecutor.doExecute(TestCaseExecutor.java:439)
	at com.kms.katalon.core.main.TestCaseExecutor.processExecutionPhase(TestCaseExecutor.java:418)
	at com.kms.katalon.core.main.TestCaseExecutor.accessMainPhase(TestCaseExecutor.java:410)
	at com.kms.katalon.core.main.TestCaseExecutor.execute(TestCaseExecutor.java:285)
	at com.kms.katalon.core.main.TestCaseExecutor.execute(TestCaseExecutor.java:369)
	at com.kms.katalon.core.main.TestCaseExecutor.execute(TestCaseExecutor.java:369)
	at com.kms.katalon.core.main.TestCaseExecutor.execute(TestCaseExecutor.java:369)
	at com.kms.katalon.core.common.CommonExecutor.accessTestCaseMainPhase(CommonExecutor.java:65)
	at com.kms.katalon.core.main.TestSuiteExecutor.accessTestSuiteMainPhase(TestSuiteExecutor.java:148)
	at com.kms.katalon.core.main.TestSuiteExecutor.execute(TestSuiteExecutor.java:106)
	at com.kms.katalon.core.main.TestCaseMain.startTestSuite(TestCaseMain.java:187)
	at com.kms.katalon.core.main.TestCaseMain$startTestSuite$0.call(Unknown Source)
	at TempTestSuite1685536956620.run(TempTestSuite1685536956620.groovy:36)
Caused by: java.net.ConnectException: Connection refused: connect
	at okhttp3.internal.platform.Platform.connectSocket(Platform.java:129)
	at okhttp3.internal.connection.RealConnection.connectSocket(RealConnection.java:245)
	at okhttp3.internal.connection.RealConnection.connect(RealConnection.java:165)
	at okhttp3.internal.connection.StreamAllocation.findConnection(StreamAllocation.java:257)
	at okhttp3.internal.connection.StreamAllocation.findHealthyConnection(StreamAllocation.java:135)
	at okhttp3.internal.connection.StreamAllocation.newStream(StreamAllocation.java:114)
	at okhttp3.internal.connection.ConnectInterceptor.intercept(ConnectInterceptor.java:42)
	at okhttp3.internal.http.RealInterceptorChain.proceed(RealInterceptorChain.java:147)
	at okhttp3.internal.http.RealInterceptorChain.proceed(RealInterceptorChain.java:121)
	at okhttp3.internal.cache.CacheInterceptor.intercept(CacheInterceptor.java:93)
	at okhttp3.internal.http.RealInterceptorChain.proceed(RealInterceptorChain.java:147)
	at okhttp3.internal.http.RealInterceptorChain.proceed(RealInterceptorChain.java:121)
	at okhttp3.internal.http.BridgeInterceptor.intercept(BridgeInterceptor.java:93)
	at okhttp3.internal.http.RealInterceptorChain.proceed(RealInterceptorChain.java:147)
	at okhttp3.internal.http.RetryAndFollowUpInterceptor.intercept(RetryAndFollowUpInterceptor.java:126)
	at okhttp3.internal.http.RealInterceptorChain.proceed(RealInterceptorChain.java:147)
	at okhttp3.internal.http.RealInterceptorChain.proceed(RealInterceptorChain.java:121)
	at okhttp3.RealCall.getResponseWithInterceptorChain(RealCall.java:200)
	at okhttp3.RealCall.execute(RealCall.java:77)
	at org.openqa.selenium.remote.internal.OkHttpClient.execute(OkHttpClient.java:103)
	at org.openqa.selenium.remote.ProtocolHandshake.createSession(ProtocolHandshake.java:105)
	at io.appium.java_client.remote.AppiumCommandExecutor$1.createSession(AppiumCommandExecutor.java:186)
	at io.appium.java_client.remote.AppiumCommandExecutor.createSession(AppiumCommandExecutor.java:217)
	at io.appium.java_client.remote.AppiumCommandExecutor.execute(AppiumCommandExecutor.java:239)
	at org.openqa.selenium.remote.RemoteWebDriver.execute(RemoteWebDriver.java:552)
	at io.appium.java_client.DefaultGenericMobileDriver.execute(DefaultGenericMobileDriver.java:42)
	at io.appium.java_client.AppiumDriver.execute(AppiumDriver.java:1)
	at io.appium.java_client.windows.WindowsDriver.execute(WindowsDriver.java:1)
	at org.openqa.selenium.remote.RemoteWebDriver.startSession(RemoteWebDriver.java:213)
	at org.openqa.selenium.remote.RemoteWebDriver.&lt;init>(RemoteWebDriver.java:131)
	at io.appium.java_client.DefaultGenericMobileDriver.&lt;init>(DefaultGenericMobileDriver.java:38)
	at io.appium.java_client.AppiumDriver.&lt;init>(AppiumDriver.java:84)
	at io.appium.java_client.windows.WindowsDriver.&lt;init>(WindowsDriver.java:38)
	at com.kms.katalon.core.windows.driver.WindowsDriverFactory.newWindowsDriver(WindowsDriverFactory.java:194)
	at com.kms.katalon.core.windows.driver.WindowsDriverFactory.startApplication(WindowsDriverFactory.java:112)
	at com.kms.katalon.core.windows.driver.WindowsDriverFactory.startApplication(WindowsDriverFactory.java:96)
	at com.kms.katalon.core.windows.driver.WindowsDriverFactory$startApplication.call(Unknown Source)
	at com.kms.katalon.core.windows.keyword.builtin.StartApplicationWithTitleKeyword$_startApplicationWithTitle_closure1.doCall(StartApplicationWithTitleKeyword.groovy:33)
	at com.kms.katalon.core.windows.keyword.builtin.StartApplicationWithTitleKeyword$_startApplicationWithTitle_closure1.doCall(StartApplicationWithTitleKeyword.groovy)
	at com.kms.katalon.core.keyword.internal.KeywordMain.runKeyword(KeywordMain.groovy:90)
	at com.kms.katalon.core.keyword.internal.KeywordMain$runKeyword.call(Unknown Source)
	at com.kms.katalon.core.windows.keyword.builtin.StartApplicationWithTitleKeyword.startApplicationWithTitle(StartApplicationWithTitleKeyword.groovy:32)
	at com.kms.katalon.core.windows.keyword.builtin.StartApplicationWithTitleKeyword.execute(StartApplicationWithTitleKeyword.groovy:28)
	at com.kms.katalon.core.keyword.internal.KeywordExecutor.executeKeywordForPlatform(KeywordExecutor.groovy:74)
	at com.kms.katalon.core.windows.keyword.WindowsBuiltinKeywords.startApplicationWithTitle(WindowsBuiltinKeywords.java:1064)
	at com.kms.katalon.core.windows.keyword.WindowsBuiltinKeywords$startApplicationWithTitle.call(Unknown Source)
	at Script1685475220651.run(Script1685475220651.groovy:20)
	... 16 more
)
	at com.kms.katalon.core.keyword.internal.KeywordMain.stepFailed(KeywordMain.groovy:51)
	at com.kms.katalon.core.keyword.internal.KeywordMain.stepFailed(KeywordMain.groovy)
	at com.kms.katalon.core.keyword.internal.KeywordMain.runKeyword(KeywordMain.groovy:92)
	at com.kms.katalon.core.keyword.internal.KeywordMain$runKeyword.call(Unknown Source)
	at com.kms.katalon.core.windows.keyword.builtin.StartApplicationWithTitleKeyword.startApplicationWithTitle(StartApplicationWithTitleKeyword.groovy:32)
	at com.kms.katalon.core.windows.keyword.builtin.StartApplicationWithTitleKeyword.execute(StartApplicationWithTitleKeyword.groovy:28)
	at com.kms.katalon.core.keyword.internal.KeywordExecutor.executeKeywordForPlatform(KeywordExecutor.groovy:74)
	at com.kms.katalon.core.windows.keyword.WindowsBuiltinKeywords.startApplicationWithTitle(WindowsBuiltinKeywords.java:1064)
	at com.kms.katalon.core.windows.keyword.WindowsBuiltinKeywords$startApplicationWithTitle.call(Unknown Source)
	at CasoDesktop.run(CasoDesktop:20)
	at com.kms.katalon.core.main.ScriptEngine.run(ScriptEngine.java:194)
	at com.kms.katalon.core.main.ScriptEngine.runScriptAsRawText(ScriptEngine.java:119)
	at com.kms.katalon.core.main.TestCaseExecutor.runScript(TestCaseExecutor.java:448)
	at com.kms.katalon.core.main.TestCaseExecutor.doExecute(TestCaseExecutor.java:439)
	at com.kms.katalon.core.main.TestCaseExecutor.processExecutionPhase(TestCaseExecutor.java:418)
	at com.kms.katalon.core.main.TestCaseExecutor.accessMainPhase(TestCaseExecutor.java:410)
	at com.kms.katalon.core.main.TestCaseExecutor.execute(TestCaseExecutor.java:285)
	at com.kms.katalon.core.main.TestCaseExecutor.execute(TestCaseExecutor.java:369)
	at com.kms.katalon.core.main.TestCaseExecutor.execute(TestCaseExecutor.java:369)
	at com.kms.katalon.core.main.TestCaseExecutor.execute(TestCaseExecutor.java:369)
	at com.kms.katalon.core.common.CommonExecutor.accessTestCaseMainPhase(CommonExecutor.java:65)
	at com.kms.katalon.core.main.TestSuiteExecutor.accessTestSuiteMainPhase(TestSuiteExecutor.java:148)
	at com.kms.katalon.core.main.TestSuiteExecutor.execute(TestSuiteExecutor.java:106)
	at com.kms.katalon.core.main.TestCaseMain.startTestSuite(TestCaseMain.java:187)
	at com.kms.katalon.core.main.TestCaseMain$startTestSuite$0.call(Unknown Source)
	at TempTestSuite1685536956620.run(TempTestSuite1685536956620.groovy:36)
Caused by: org.openqa.selenium.WebDriverException: Connection refused: connect
Build info: version: '3.141.59', revision: 'e82be7d358', time: '2018-11-14T08:25:53'
System info: host: 'NTK0999', ip: '192.168.0.8', os.name: 'Windows 10', os.arch: 'amd64', os.version: '10.0', java.version: '1.8.0_282'
Driver info: driver.version: WindowsDriver
	at io.appium.java_client.remote.AppiumCommandExecutor.lambda$5(AppiumCommandExecutor.java:251)
	at io.appium.java_client.remote.AppiumCommandExecutor.execute(AppiumCommandExecutor.java:250)
	at org.openqa.selenium.remote.RemoteWebDriver.execute(RemoteWebDriver.java:552)
	at io.appium.java_client.DefaultGenericMobileDriver.execute(DefaultGenericMobileDriver.java:42)
	at io.appium.java_client.AppiumDriver.execute(AppiumDriver.java:1)
	at io.appium.java_client.windows.WindowsDriver.execute(WindowsDriver.java:1)
	at org.openqa.selenium.remote.RemoteWebDriver.startSession(RemoteWebDriver.java:213)
	at org.openqa.selenium.remote.RemoteWebDriver.&lt;init>(RemoteWebDriver.java:131)
	at io.appium.java_client.DefaultGenericMobileDriver.&lt;init>(DefaultGenericMobileDriver.java:38)
	at io.appium.java_client.AppiumDriver.&lt;init>(AppiumDriver.java:84)
	at io.appium.java_client.windows.WindowsDriver.&lt;init>(WindowsDriver.java:38)
	at com.kms.katalon.core.windows.driver.WindowsDriverFactory.newWindowsDriver(WindowsDriverFactory.java:194)
	at com.kms.katalon.core.windows.driver.WindowsDriverFactory.startApplication(WindowsDriverFactory.java:112)
	at com.kms.katalon.core.windows.driver.WindowsDriverFactory.startApplication(WindowsDriverFactory.java:96)
	at com.kms.katalon.core.windows.driver.WindowsDriverFactory$startApplication.call(Unknown Source)
	at com.kms.katalon.core.windows.keyword.builtin.StartApplicationWithTitleKeyword$_startApplicationWithTitle_closure1.doCall(StartApplicationWithTitleKeyword.groovy:33)
	at com.kms.katalon.core.windows.keyword.builtin.StartApplicationWithTitleKeyword$_startApplicationWithTitle_closure1.doCall(StartApplicationWithTitleKeyword.groovy)
	at com.kms.katalon.core.keyword.internal.KeywordMain.runKeyword(KeywordMain.groovy:90)
	... 23 more
Caused by: java.net.ConnectException: Connection refused: connect
	at okhttp3.internal.platform.Platform.connectSocket(Platform.java:129)
	at okhttp3.internal.connection.RealConnection.connectSocket(RealConnection.java:245)
	at okhttp3.internal.connection.RealConnection.connect(RealConnection.java:165)
	at okhttp3.internal.connection.StreamAllocation.findConnection(StreamAllocation.java:257)
	at okhttp3.internal.connection.StreamAllocation.findHealthyConnection(StreamAllocation.java:135)
	at okhttp3.internal.connection.StreamAllocation.newStream(StreamAllocation.java:114)
	at okhttp3.internal.connection.ConnectInterceptor.intercept(ConnectInterceptor.java:42)
	at okhttp3.internal.http.RealInterceptorChain.proceed(RealInterceptorChain.java:147)
	at okhttp3.internal.http.RealInterceptorChain.proceed(RealInterceptorChain.java:121)
	at okhttp3.internal.cache.CacheInterceptor.intercept(CacheInterceptor.java:93)
	at okhttp3.internal.http.RealInterceptorChain.proceed(RealInterceptorChain.java:147)
	at okhttp3.internal.http.RealInterceptorChain.proceed(RealInterceptorChain.java:121)
	at okhttp3.internal.http.BridgeInterceptor.intercept(BridgeInterceptor.java:93)
	at okhttp3.internal.http.RealInterceptorChain.proceed(RealInterceptorChain.java:147)
	at okhttp3.internal.http.RetryAndFollowUpInterceptor.intercept(RetryAndFollowUpInterceptor.java:126)
	at okhttp3.internal.http.RealInterceptorChain.proceed(RealInterceptorChain.java:147)
	at okhttp3.internal.http.RealInterceptorChain.proceed(RealInterceptorChain.java:121)
	at okhttp3.RealCall.getResponseWithInterceptorChain(RealCall.java:200)
	at okhttp3.RealCall.execute(RealCall.java:77)
	at org.openqa.selenium.remote.internal.OkHttpClient.execute(OkHttpClient.java:103)
	at org.openqa.selenium.remote.ProtocolHandshake.createSession(ProtocolHandshake.java:105)
	at io.appium.java_client.remote.AppiumCommandExecutor$1.createSession(AppiumCommandExecutor.java:186)
	at io.appium.java_client.remote.AppiumCommandExecutor.createSession(AppiumCommandExecutor.java:217)
	at io.appium.java_client.remote.AppiumCommandExecutor.execute(AppiumCommandExecutor.java:239)
	... 39 more
"/>
         <system-out><![CDATA[2023-05-31 09:42:57 - [TEST_CASE][FAILED] - Test Cases/CasoDesktop/CasoDesktop: Test Cases/CasoDesktop/CasoDesktop FAILED.
Reason:
com.kms.katalon.core.exception.StepFailedException: Connection refused: connect
Build info: version: '3.141.59', revision: 'e82be7d358', time: '2018-11-14T08:25:53'
System info: host: 'NTK0999', ip: '192.168.0.8', os.name: 'Windows 10', os.arch: 'amd64', os.version: '10.0', java.version: '1.8.0_282'
Driver info: driver.version: WindowsDriver (Root cause: org.openqa.selenium.WebDriverException: Connection refused: connect
Build info: version: '3.141.59', revision: 'e82be7d358', time: '2018-11-14T08:25:53'
System info: host: 'NTK0999', ip: '192.168.0.8', os.name: 'Windows 10', os.arch: 'amd64', os.version: '10.0', java.version: '1.8.0_282'
Driver info: driver.version: WindowsDriver
	at io.appium.java_client.remote.AppiumCommandExecutor.lambda$5(AppiumCommandExecutor.java:251)
	at io.appium.java_client.remote.AppiumCommandExecutor.execute(AppiumCommandExecutor.java:250)
	at org.openqa.selenium.remote.RemoteWebDriver.execute(RemoteWebDriver.java:552)
	at io.appium.java_client.DefaultGenericMobileDriver.execute(DefaultGenericMobileDriver.java:42)
	at io.appium.java_client.AppiumDriver.execute(AppiumDriver.java:1)
	at io.appium.java_client.windows.WindowsDriver.execute(WindowsDriver.java:1)
	at org.openqa.selenium.remote.RemoteWebDriver.startSession(RemoteWebDriver.java:213)
	at org.openqa.selenium.remote.RemoteWebDriver.<init>(RemoteWebDriver.java:131)
	at io.appium.java_client.DefaultGenericMobileDriver.<init>(DefaultGenericMobileDriver.java:38)
	at io.appium.java_client.AppiumDriver.<init>(AppiumDriver.java:84)
	at io.appium.java_client.windows.WindowsDriver.<init>(WindowsDriver.java:38)
	at com.kms.katalon.core.windows.driver.WindowsDriverFactory.newWindowsDriver(WindowsDriverFactory.java:194)
	at com.kms.katalon.core.windows.driver.WindowsDriverFactory.startApplication(WindowsDriverFactory.java:112)
	at com.kms.katalon.core.windows.driver.WindowsDriverFactory.startApplication(WindowsDriverFactory.java:96)
	at com.kms.katalon.core.windows.driver.WindowsDriverFactory$startApplication.call(Unknown Source)
	at com.kms.katalon.core.windows.keyword.builtin.StartApplicationWithTitleKeyword$_startApplicationWithTitle_closure1.doCall(StartApplicationWithTitleKeyword.groovy:33)
	at com.kms.katalon.core.windows.keyword.builtin.StartApplicationWithTitleKeyword$_startApplicationWithTitle_closure1.doCall(StartApplicationWithTitleKeyword.groovy)
	at com.kms.katalon.core.keyword.internal.KeywordMain.runKeyword(KeywordMain.groovy:90)
	at com.kms.katalon.core.keyword.internal.KeywordMain$runKeyword.call(Unknown Source)
	at com.kms.katalon.core.windows.keyword.builtin.StartApplicationWithTitleKeyword.startApplicationWithTitle(StartApplicationWithTitleKeyword.groovy:32)
	at com.kms.katalon.core.windows.keyword.builtin.StartApplicationWithTitleKeyword.execute(StartApplicationWithTitleKeyword.groovy:28)
	at com.kms.katalon.core.keyword.internal.KeywordExecutor.executeKeywordForPlatform(KeywordExecutor.groovy:74)
	at com.kms.katalon.core.windows.keyword.WindowsBuiltinKeywords.startApplicationWithTitle(WindowsBuiltinKeywords.java:1064)
	at com.kms.katalon.core.windows.keyword.WindowsBuiltinKeywords$startApplicationWithTitle.call(Unknown Source)
	at CasoDesktop.run(CasoDesktop:20)
	at com.kms.katalon.core.main.ScriptEngine.run(ScriptEngine.java:194)
	at com.kms.katalon.core.main.ScriptEngine.runScriptAsRawText(ScriptEngine.java:119)
	at com.kms.katalon.core.main.TestCaseExecutor.runScript(TestCaseExecutor.java:448)
	at com.kms.katalon.core.main.TestCaseExecutor.doExecute(TestCaseExecutor.java:439)
	at com.kms.katalon.core.main.TestCaseExecutor.processExecutionPhase(TestCaseExecutor.java:418)
	at com.kms.katalon.core.main.TestCaseExecutor.accessMainPhase(TestCaseExecutor.java:410)
	at com.kms.katalon.core.main.TestCaseExecutor.execute(TestCaseExecutor.java:285)
	at com.kms.katalon.core.main.TestCaseExecutor.execute(TestCaseExecutor.java:369)
	at com.kms.katalon.core.main.TestCaseExecutor.execute(TestCaseExecutor.java:369)
	at com.kms.katalon.core.main.TestCaseExecutor.execute(TestCaseExecutor.java:369)
	at com.kms.katalon.core.common.CommonExecutor.accessTestCaseMainPhase(CommonExecutor.java:65)
	at com.kms.katalon.core.main.TestSuiteExecutor.accessTestSuiteMainPhase(TestSuiteExecutor.java:148)
	at com.kms.katalon.core.main.TestSuiteExecutor.execute(TestSuiteExecutor.java:106)
	at com.kms.katalon.core.main.TestCaseMain.startTestSuite(TestCaseMain.java:187)
	at com.kms.katalon.core.main.TestCaseMain$startTestSuite$0.call(Unknown Source)
	at TempTestSuite1685536956620.run(TempTestSuite1685536956620.groovy:36)
Caused by: java.net.ConnectException: Connection refused: connect
	at okhttp3.internal.platform.Platform.connectSocket(Platform.java:129)
	at okhttp3.internal.connection.RealConnection.connectSocket(RealConnection.java:245)
	at okhttp3.internal.connection.RealConnection.connect(RealConnection.java:165)
	at okhttp3.internal.connection.StreamAllocation.findConnection(StreamAllocation.java:257)
	at okhttp3.internal.connection.StreamAllocation.findHealthyConnection(StreamAllocation.java:135)
	at okhttp3.internal.connection.StreamAllocation.newStream(StreamAllocation.java:114)
	at okhttp3.internal.connection.ConnectInterceptor.intercept(ConnectInterceptor.java:42)
	at okhttp3.internal.http.RealInterceptorChain.proceed(RealInterceptorChain.java:147)
	at okhttp3.internal.http.RealInterceptorChain.proceed(RealInterceptorChain.java:121)
	at okhttp3.internal.cache.CacheInterceptor.intercept(CacheInterceptor.java:93)
	at okhttp3.internal.http.RealInterceptorChain.proceed(RealInterceptorChain.java:147)
	at okhttp3.internal.http.RealInterceptorChain.proceed(RealInterceptorChain.java:121)
	at okhttp3.internal.http.BridgeInterceptor.intercept(BridgeInterceptor.java:93)
	at okhttp3.internal.http.RealInterceptorChain.proceed(RealInterceptorChain.java:147)
	at okhttp3.internal.http.RetryAndFollowUpInterceptor.intercept(RetryAndFollowUpInterceptor.java:126)
	at okhttp3.internal.http.RealInterceptorChain.proceed(RealInterceptorChain.java:147)
	at okhttp3.internal.http.RealInterceptorChain.proceed(RealInterceptorChain.java:121)
	at okhttp3.RealCall.getResponseWithInterceptorChain(RealCall.java:200)
	at okhttp3.RealCall.execute(RealCall.java:77)
	at org.openqa.selenium.remote.internal.OkHttpClient.execute(OkHttpClient.java:103)
	at org.openqa.selenium.remote.ProtocolHandshake.createSession(ProtocolHandshake.java:105)
	at io.appium.java_client.remote.AppiumCommandExecutor$1.createSession(AppiumCommandExecutor.java:186)
	at io.appium.java_client.remote.AppiumCommandExecutor.createSession(AppiumCommandExecutor.java:217)
	at io.appium.java_client.remote.AppiumCommandExecutor.execute(AppiumCommandExecutor.java:239)
	at org.openqa.selenium.remote.RemoteWebDriver.execute(RemoteWebDriver.java:552)
	at io.appium.java_client.DefaultGenericMobileDriver.execute(DefaultGenericMobileDriver.java:42)
	at io.appium.java_client.AppiumDriver.execute(AppiumDriver.java:1)
	at io.appium.java_client.windows.WindowsDriver.execute(WindowsDriver.java:1)
	at org.openqa.selenium.remote.RemoteWebDriver.startSession(RemoteWebDriver.java:213)
	at org.openqa.selenium.remote.RemoteWebDriver.<init>(RemoteWebDriver.java:131)
	at io.appium.java_client.DefaultGenericMobileDriver.<init>(DefaultGenericMobileDriver.java:38)
	at io.appium.java_client.AppiumDriver.<init>(AppiumDriver.java:84)
	at io.appium.java_client.windows.WindowsDriver.<init>(WindowsDriver.java:38)
	at com.kms.katalon.core.windows.driver.WindowsDriverFactory.newWindowsDriver(WindowsDriverFactory.java:194)
	at com.kms.katalon.core.windows.driver.WindowsDriverFactory.startApplication(WindowsDriverFactory.java:112)
	at com.kms.katalon.core.windows.driver.WindowsDriverFactory.startApplication(WindowsDriverFactory.java:96)
	at com.kms.katalon.core.windows.driver.WindowsDriverFactory$startApplication.call(Unknown Source)
	at com.kms.katalon.core.windows.keyword.builtin.StartApplicationWithTitleKeyword$_startApplicationWithTitle_closure1.doCall(StartApplicationWithTitleKeyword.groovy:33)
	at com.kms.katalon.core.windows.keyword.builtin.StartApplicationWithTitleKeyword$_startApplicationWithTitle_closure1.doCall(StartApplicationWithTitleKeyword.groovy)
	at com.kms.katalon.core.keyword.internal.KeywordMain.runKeyword(KeywordMain.groovy:90)
	at com.kms.katalon.core.keyword.internal.KeywordMain$runKeyword.call(Unknown Source)
	at com.kms.katalon.core.windows.keyword.builtin.StartApplicationWithTitleKeyword.startApplicationWithTitle(StartApplicationWithTitleKeyword.groovy:32)
	at com.kms.katalon.core.windows.keyword.builtin.StartApplicationWithTitleKeyword.execute(StartApplicationWithTitleKeyword.groovy:28)
	at com.kms.katalon.core.keyword.internal.KeywordExecutor.executeKeywordForPlatform(KeywordExecutor.groovy:74)
	at com.kms.katalon.core.windows.keyword.WindowsBuiltinKeywords.startApplicationWithTitle(WindowsBuiltinKeywords.java:1064)
	at com.kms.katalon.core.windows.keyword.WindowsBuiltinKeywords$startApplicationWithTitle.call(Unknown Source)
	at Script1685475220651.run(Script1685475220651.groovy:20)
	... 16 more
)
	at com.kms.katalon.core.keyword.internal.KeywordMain.stepFailed(KeywordMain.groovy:51)
	at com.kms.katalon.core.keyword.internal.KeywordMain.stepFailed(KeywordMain.groovy)
	at com.kms.katalon.core.keyword.internal.KeywordMain.runKeyword(KeywordMain.groovy:92)
	at com.kms.katalon.core.keyword.internal.KeywordMain$runKeyword.call(Unknown Source)
	at com.kms.katalon.core.windows.keyword.builtin.StartApplicationWithTitleKeyword.startApplicationWithTitle(StartApplicationWithTitleKeyword.groovy:32)
	at com.kms.katalon.core.windows.keyword.builtin.StartApplicationWithTitleKeyword.execute(StartApplicationWithTitleKeyword.groovy:28)
	at com.kms.katalon.core.keyword.internal.KeywordExecutor.executeKeywordForPlatform(KeywordExecutor.groovy:74)
	at com.kms.katalon.core.windows.keyword.WindowsBuiltinKeywords.startApplicationWithTitle(WindowsBuiltinKeywords.java:1064)
	at com.kms.katalon.core.windows.keyword.WindowsBuiltinKeywords$startApplicationWithTitle.call(Unknown Source)
	at CasoDesktop.run(CasoDesktop:20)
	at com.kms.katalon.core.main.ScriptEngine.run(ScriptEngine.java:194)
	at com.kms.katalon.core.main.ScriptEngine.runScriptAsRawText(ScriptEngine.java:119)
	at com.kms.katalon.core.main.TestCaseExecutor.runScript(TestCaseExecutor.java:448)
	at com.kms.katalon.core.main.TestCaseExecutor.doExecute(TestCaseExecutor.java:439)
	at com.kms.katalon.core.main.TestCaseExecutor.processExecutionPhase(TestCaseExecutor.java:418)
	at com.kms.katalon.core.main.TestCaseExecutor.accessMainPhase(TestCaseExecutor.java:410)
	at com.kms.katalon.core.main.TestCaseExecutor.execute(TestCaseExecutor.java:285)
	at com.kms.katalon.core.main.TestCaseExecutor.execute(TestCaseExecutor.java:369)
	at com.kms.katalon.core.main.TestCaseExecutor.execute(TestCaseExecutor.java:369)
	at com.kms.katalon.core.main.TestCaseExecutor.execute(TestCaseExecutor.java:369)
	at com.kms.katalon.core.common.CommonExecutor.accessTestCaseMainPhase(CommonExecutor.java:65)
	at com.kms.katalon.core.main.TestSuiteExecutor.accessTestSuiteMainPhase(TestSuiteExecutor.java:148)
	at com.kms.katalon.core.main.TestSuiteExecutor.execute(TestSuiteExecutor.java:106)
	at com.kms.katalon.core.main.TestCaseMain.startTestSuite(TestCaseMain.java:187)
	at com.kms.katalon.core.main.TestCaseMain$startTestSuite$0.call(Unknown Source)
	at TempTestSuite1685536956620.run(TempTestSuite1685536956620.groovy:36)
Caused by: org.openqa.selenium.WebDriverException: Connection refused: connect
Build info: version: '3.141.59', revision: 'e82be7d358', time: '2018-11-14T08:25:53'
System info: host: 'NTK0999', ip: '192.168.0.8', os.name: 'Windows 10', os.arch: 'amd64', os.version: '10.0', java.version: '1.8.0_282'
Driver info: driver.version: WindowsDriver
	at io.appium.java_client.remote.AppiumCommandExecutor.lambda$5(AppiumCommandExecutor.java:251)
	at io.appium.java_client.remote.AppiumCommandExecutor.execute(AppiumCommandExecutor.java:250)
	at org.openqa.selenium.remote.RemoteWebDriver.execute(RemoteWebDriver.java:552)
	at io.appium.java_client.DefaultGenericMobileDriver.execute(DefaultGenericMobileDriver.java:42)
	at io.appium.java_client.AppiumDriver.execute(AppiumDriver.java:1)
	at io.appium.java_client.windows.WindowsDriver.execute(WindowsDriver.java:1)
	at org.openqa.selenium.remote.RemoteWebDriver.startSession(RemoteWebDriver.java:213)
	at org.openqa.selenium.remote.RemoteWebDriver.<init>(RemoteWebDriver.java:131)
	at io.appium.java_client.DefaultGenericMobileDriver.<init>(DefaultGenericMobileDriver.java:38)
	at io.appium.java_client.AppiumDriver.<init>(AppiumDriver.java:84)
	at io.appium.java_client.windows.WindowsDriver.<init>(WindowsDriver.java:38)
	at com.kms.katalon.core.windows.driver.WindowsDriverFactory.newWindowsDriver(WindowsDriverFactory.java:194)
	at com.kms.katalon.core.windows.driver.WindowsDriverFactory.startApplication(WindowsDriverFactory.java:112)
	at com.kms.katalon.core.windows.driver.WindowsDriverFactory.startApplication(WindowsDriverFactory.java:96)
	at com.kms.katalon.core.windows.driver.WindowsDriverFactory$startApplication.call(Unknown Source)
	at com.kms.katalon.core.windows.keyword.builtin.StartApplicationWithTitleKeyword$_startApplicationWithTitle_closure1.doCall(StartApplicationWithTitleKeyword.groovy:33)
	at com.kms.katalon.core.windows.keyword.builtin.StartApplicationWithTitleKeyword$_startApplicationWithTitle_closure1.doCall(StartApplicationWithTitleKeyword.groovy)
	at com.kms.katalon.core.keyword.internal.KeywordMain.runKeyword(KeywordMain.groovy:90)
	... 23 more
Caused by: java.net.ConnectException: Connection refused: connect
	at okhttp3.internal.platform.Platform.connectSocket(Platform.java:129)
	at okhttp3.internal.connection.RealConnection.connectSocket(RealConnection.java:245)
	at okhttp3.internal.connection.RealConnection.connect(RealConnection.java:165)
	at okhttp3.internal.connection.StreamAllocation.findConnection(StreamAllocation.java:257)
	at okhttp3.internal.connection.StreamAllocation.findHealthyConnection(StreamAllocation.java:135)
	at okhttp3.internal.connection.StreamAllocation.newStream(StreamAllocation.java:114)
	at okhttp3.internal.connection.ConnectInterceptor.intercept(ConnectInterceptor.java:42)
	at okhttp3.internal.http.RealInterceptorChain.proceed(RealInterceptorChain.java:147)
	at okhttp3.internal.http.RealInterceptorChain.proceed(RealInterceptorChain.java:121)
	at okhttp3.internal.cache.CacheInterceptor.intercept(CacheInterceptor.java:93)
	at okhttp3.internal.http.RealInterceptorChain.proceed(RealInterceptorChain.java:147)
	at okhttp3.internal.http.RealInterceptorChain.proceed(RealInterceptorChain.java:121)
	at okhttp3.internal.http.BridgeInterceptor.intercept(BridgeInterceptor.java:93)
	at okhttp3.internal.http.RealInterceptorChain.proceed(RealInterceptorChain.java:147)
	at okhttp3.internal.http.RetryAndFollowUpInterceptor.intercept(RetryAndFollowUpInterceptor.java:126)
	at okhttp3.internal.http.RealInterceptorChain.proceed(RealInterceptorChain.java:147)
	at okhttp3.internal.http.RealInterceptorChain.proceed(RealInterceptorChain.java:121)
	at okhttp3.RealCall.getResponseWithInterceptorChain(RealCall.java:200)
	at okhttp3.RealCall.execute(RealCall.java:77)
	at org.openqa.selenium.remote.internal.OkHttpClient.execute(OkHttpClient.java:103)
	at org.openqa.selenium.remote.ProtocolHandshake.createSession(ProtocolHandshake.java:105)
	at io.appium.java_client.remote.AppiumCommandExecutor$1.createSession(AppiumCommandExecutor.java:186)
	at io.appium.java_client.remote.AppiumCommandExecutor.createSession(AppiumCommandExecutor.java:217)
	at io.appium.java_client.remote.AppiumCommandExecutor.execute(AppiumCommandExecutor.java:239)
	... 39 more


2023-05-31 09:42:57 - [TEST_STEP][FAILED] - startApplicationWithTitle("C:\Program Files\Windows NT\Accessories\wordpad.exe", "PruebaKatalon"): Connection refused: connect
Build info: version: '3.141.59', revision: 'e82be7d358', time: '2018-11-14T08:25:53'
System info: host: 'NTK0999', ip: '192.168.0.8', os.name: 'Windows 10', os.arch: 'amd64', os.version: '10.0', java.version: '1.8.0_282'
Driver info: driver.version: WindowsDriver (Root cause: org.openqa.selenium.WebDriverException: Connection refused: connect
Build info: version: '3.141.59', revision: 'e82be7d358', time: '2018-11-14T08:25:53'
System info: host: 'NTK0999', ip: '192.168.0.8', os.name: 'Windows 10', os.arch: 'amd64', os.version: '10.0', java.version: '1.8.0_282'
Driver info: driver.version: WindowsDriver
	at io.appium.java_client.remote.AppiumCommandExecutor.lambda$5(AppiumCommandExecutor.java:251)
	at io.appium.java_client.remote.AppiumCommandExecutor.execute(AppiumCommandExecutor.java:250)
	at org.openqa.selenium.remote.RemoteWebDriver.execute(RemoteWebDriver.java:552)
	at io.appium.java_client.DefaultGenericMobileDriver.execute(DefaultGenericMobileDriver.java:42)
	at io.appium.java_client.AppiumDriver.execute(AppiumDriver.java:1)
	at io.appium.java_client.windows.WindowsDriver.execute(WindowsDriver.java:1)
	at org.openqa.selenium.remote.RemoteWebDriver.startSession(RemoteWebDriver.java:213)
	at org.openqa.selenium.remote.RemoteWebDriver.<init>(RemoteWebDriver.java:131)
	at io.appium.java_client.DefaultGenericMobileDriver.<init>(DefaultGenericMobileDriver.java:38)
	at io.appium.java_client.AppiumDriver.<init>(AppiumDriver.java:84)
	at io.appium.java_client.windows.WindowsDriver.<init>(WindowsDriver.java:38)
	at com.kms.katalon.core.windows.driver.WindowsDriverFactory.newWindowsDriver(WindowsDriverFactory.java:194)
	at com.kms.katalon.core.windows.driver.WindowsDriverFactory.startApplication(WindowsDriverFactory.java:112)
	at com.kms.katalon.core.windows.driver.WindowsDriverFactory.startApplication(WindowsDriverFactory.java:96)
	at com.kms.katalon.core.windows.driver.WindowsDriverFactory$startApplication.call(Unknown Source)
	at com.kms.katalon.core.windows.keyword.builtin.StartApplicationWithTitleKeyword$_startApplicationWithTitle_closure1.doCall(StartApplicationWithTitleKeyword.groovy:33)
	at com.kms.katalon.core.windows.keyword.builtin.StartApplicationWithTitleKeyword$_startApplicationWithTitle_closure1.doCall(StartApplicationWithTitleKeyword.groovy)
	at com.kms.katalon.core.keyword.internal.KeywordMain.runKeyword(KeywordMain.groovy:90)
	at com.kms.katalon.core.keyword.internal.KeywordMain$runKeyword.call(Unknown Source)
	at com.kms.katalon.core.windows.keyword.builtin.StartApplicationWithTitleKeyword.startApplicationWithTitle(StartApplicationWithTitleKeyword.groovy:32)
	at com.kms.katalon.core.windows.keyword.builtin.StartApplicationWithTitleKeyword.execute(StartApplicationWithTitleKeyword.groovy:28)
	at com.kms.katalon.core.keyword.internal.KeywordExecutor.executeKeywordForPlatform(KeywordExecutor.groovy:74)
	at com.kms.katalon.core.windows.keyword.WindowsBuiltinKeywords.startApplicationWithTitle(WindowsBuiltinKeywords.java:1064)
	at com.kms.katalon.core.windows.keyword.WindowsBuiltinKeywords$startApplicationWithTitle.call(Unknown Source)
	at CasoDesktop.run(CasoDesktop:20)
	at com.kms.katalon.core.main.ScriptEngine.run(ScriptEngine.java:194)
	at com.kms.katalon.core.main.ScriptEngine.runScriptAsRawText(ScriptEngine.java:119)
	at com.kms.katalon.core.main.TestCaseExecutor.runScript(TestCaseExecutor.java:448)
	at com.kms.katalon.core.main.TestCaseExecutor.doExecute(TestCaseExecutor.java:439)
	at com.kms.katalon.core.main.TestCaseExecutor.processExecutionPhase(TestCaseExecutor.java:418)
	at com.kms.katalon.core.main.TestCaseExecutor.accessMainPhase(TestCaseExecutor.java:410)
	at com.kms.katalon.core.main.TestCaseExecutor.execute(TestCaseExecutor.java:285)
	at com.kms.katalon.core.main.TestCaseExecutor.execute(TestCaseExecutor.java:369)
	at com.kms.katalon.core.main.TestCaseExecutor.execute(TestCaseExecutor.java:369)
	at com.kms.katalon.core.main.TestCaseExecutor.execute(TestCaseExecutor.java:369)
	at com.kms.katalon.core.common.CommonExecutor.accessTestCaseMainPhase(CommonExecutor.java:65)
	at com.kms.katalon.core.main.TestSuiteExecutor.accessTestSuiteMainPhase(TestSuiteExecutor.java:148)
	at com.kms.katalon.core.main.TestSuiteExecutor.execute(TestSuiteExecutor.java:106)
	at com.kms.katalon.core.main.TestCaseMain.startTestSuite(TestCaseMain.java:187)
	at com.kms.katalon.core.main.TestCaseMain$startTestSuite$0.call(Unknown Source)
	at TempTestSuite1685536956620.run(TempTestSuite1685536956620.groovy:36)
Caused by: java.net.ConnectException: Connection refused: connect
	at okhttp3.internal.platform.Platform.connectSocket(Platform.java:129)
	at okhttp3.internal.connection.RealConnection.connectSocket(RealConnection.java:245)
	at okhttp3.internal.connection.RealConnection.connect(RealConnection.java:165)
	at okhttp3.internal.connection.StreamAllocation.findConnection(StreamAllocation.java:257)
	at okhttp3.internal.connection.StreamAllocation.findHealthyConnection(StreamAllocation.java:135)
	at okhttp3.internal.connection.StreamAllocation.newStream(StreamAllocation.java:114)
	at okhttp3.internal.connection.ConnectInterceptor.intercept(ConnectInterceptor.java:42)
	at okhttp3.internal.http.RealInterceptorChain.proceed(RealInterceptorChain.java:147)
	at okhttp3.internal.http.RealInterceptorChain.proceed(RealInterceptorChain.java:121)
	at okhttp3.internal.cache.CacheInterceptor.intercept(CacheInterceptor.java:93)
	at okhttp3.internal.http.RealInterceptorChain.proceed(RealInterceptorChain.java:147)
	at okhttp3.internal.http.RealInterceptorChain.proceed(RealInterceptorChain.java:121)
	at okhttp3.internal.http.BridgeInterceptor.intercept(BridgeInterceptor.java:93)
	at okhttp3.internal.http.RealInterceptorChain.proceed(RealInterceptorChain.java:147)
	at okhttp3.internal.http.RetryAndFollowUpInterceptor.intercept(RetryAndFollowUpInterceptor.java:126)
	at okhttp3.internal.http.RealInterceptorChain.proceed(RealInterceptorChain.java:147)
	at okhttp3.internal.http.RealInterceptorChain.proceed(RealInterceptorChain.java:121)
	at okhttp3.RealCall.getResponseWithInterceptorChain(RealCall.java:200)
	at okhttp3.RealCall.execute(RealCall.java:77)
	at org.openqa.selenium.remote.internal.OkHttpClient.execute(OkHttpClient.java:103)
	at org.openqa.selenium.remote.ProtocolHandshake.createSession(ProtocolHandshake.java:105)
	at io.appium.java_client.remote.AppiumCommandExecutor$1.createSession(AppiumCommandExecutor.java:186)
	at io.appium.java_client.remote.AppiumCommandExecutor.createSession(AppiumCommandExecutor.java:217)
	at io.appium.java_client.remote.AppiumCommandExecutor.execute(AppiumCommandExecutor.java:239)
	at org.openqa.selenium.remote.RemoteWebDriver.execute(RemoteWebDriver.java:552)
	at io.appium.java_client.DefaultGenericMobileDriver.execute(DefaultGenericMobileDriver.java:42)
	at io.appium.java_client.AppiumDriver.execute(AppiumDriver.java:1)
	at io.appium.java_client.windows.WindowsDriver.execute(WindowsDriver.java:1)
	at org.openqa.selenium.remote.RemoteWebDriver.startSession(RemoteWebDriver.java:213)
	at org.openqa.selenium.remote.RemoteWebDriver.<init>(RemoteWebDriver.java:131)
	at io.appium.java_client.DefaultGenericMobileDriver.<init>(DefaultGenericMobileDriver.java:38)
	at io.appium.java_client.AppiumDriver.<init>(AppiumDriver.java:84)
	at io.appium.java_client.windows.WindowsDriver.<init>(WindowsDriver.java:38)
	at com.kms.katalon.core.windows.driver.WindowsDriverFactory.newWindowsDriver(WindowsDriverFactory.java:194)
	at com.kms.katalon.core.windows.driver.WindowsDriverFactory.startApplication(WindowsDriverFactory.java:112)
	at com.kms.katalon.core.windows.driver.WindowsDriverFactory.startApplication(WindowsDriverFactory.java:96)
	at com.kms.katalon.core.windows.driver.WindowsDriverFactory$startApplication.call(Unknown Source)
	at com.kms.katalon.core.windows.keyword.builtin.StartApplicationWithTitleKeyword$_startApplicationWithTitle_closure1.doCall(StartApplicationWithTitleKeyword.groovy:33)
	at com.kms.katalon.core.windows.keyword.builtin.StartApplicationWithTitleKeyword$_startApplicationWithTitle_closure1.doCall(StartApplicationWithTitleKeyword.groovy)
	at com.kms.katalon.core.keyword.internal.KeywordMain.runKeyword(KeywordMain.groovy:90)
	at com.kms.katalon.core.keyword.internal.KeywordMain$runKeyword.call(Unknown Source)
	at com.kms.katalon.core.windows.keyword.builtin.StartApplicationWithTitleKeyword.startApplicationWithTitle(StartApplicationWithTitleKeyword.groovy:32)
	at com.kms.katalon.core.windows.keyword.builtin.StartApplicationWithTitleKeyword.execute(StartApplicationWithTitleKeyword.groovy:28)
	at com.kms.katalon.core.keyword.internal.KeywordExecutor.executeKeywordForPlatform(KeywordExecutor.groovy:74)
	at com.kms.katalon.core.windows.keyword.WindowsBuiltinKeywords.startApplicationWithTitle(WindowsBuiltinKeywords.java:1064)
	at com.kms.katalon.core.windows.keyword.WindowsBuiltinKeywords$startApplicationWithTitle.call(Unknown Source)
	at Script1685475220651.run(Script1685475220651.groovy:20)
	... 16 more
)

2023-05-31 09:42:57 - [MESSAGE][INFO] - Starting application C:\Program Files\Windows NT\Accessories\wordpad.exe on the local machine at address http://127.0.0.1:4723

2023-05-31 09:42:59 - [MESSAGE][FAILED] - Connection refused: connect
Build info: version: '3.141.59', revision: 'e82be7d358', time: '2018-11-14T08:25:53'
System info: host: 'NTK0999', ip: '192.168.0.8', os.name: 'Windows 10', os.arch: 'amd64', os.version: '10.0', java.version: '1.8.0_282'
Driver info: driver.version: WindowsDriver (Root cause: org.openqa.selenium.WebDriverException: Connection refused: connect
Build info: version: '3.141.59', revision: 'e82be7d358', time: '2018-11-14T08:25:53'
System info: host: 'NTK0999', ip: '192.168.0.8', os.name: 'Windows 10', os.arch: 'amd64', os.version: '10.0', java.version: '1.8.0_282'
Driver info: driver.version: WindowsDriver
	at io.appium.java_client.remote.AppiumCommandExecutor.lambda$5(AppiumCommandExecutor.java:251)
	at io.appium.java_client.remote.AppiumCommandExecutor.execute(AppiumCommandExecutor.java:250)
	at org.openqa.selenium.remote.RemoteWebDriver.execute(RemoteWebDriver.java:552)
	at io.appium.java_client.DefaultGenericMobileDriver.execute(DefaultGenericMobileDriver.java:42)
	at io.appium.java_client.AppiumDriver.execute(AppiumDriver.java:1)
	at io.appium.java_client.windows.WindowsDriver.execute(WindowsDriver.java:1)
	at org.openqa.selenium.remote.RemoteWebDriver.startSession(RemoteWebDriver.java:213)
	at org.openqa.selenium.remote.RemoteWebDriver.<init>(RemoteWebDriver.java:131)
	at io.appium.java_client.DefaultGenericMobileDriver.<init>(DefaultGenericMobileDriver.java:38)
	at io.appium.java_client.AppiumDriver.<init>(AppiumDriver.java:84)
	at io.appium.java_client.windows.WindowsDriver.<init>(WindowsDriver.java:38)
	at com.kms.katalon.core.windows.driver.WindowsDriverFactory.newWindowsDriver(WindowsDriverFactory.java:194)
	at com.kms.katalon.core.windows.driver.WindowsDriverFactory.startApplication(WindowsDriverFactory.java:112)
	at com.kms.katalon.core.windows.driver.WindowsDriverFactory.startApplication(WindowsDriverFactory.java:96)
	at com.kms.katalon.core.windows.driver.WindowsDriverFactory$startApplication.call(Unknown Source)
	at com.kms.katalon.core.windows.keyword.builtin.StartApplicationWithTitleKeyword$_startApplicationWithTitle_closure1.doCall(StartApplicationWithTitleKeyword.groovy:33)
	at com.kms.katalon.core.windows.keyword.builtin.StartApplicationWithTitleKeyword$_startApplicationWithTitle_closure1.doCall(StartApplicationWithTitleKeyword.groovy)
	at com.kms.katalon.core.keyword.internal.KeywordMain.runKeyword(KeywordMain.groovy:90)
	at com.kms.katalon.core.keyword.internal.KeywordMain$runKeyword.call(Unknown Source)
	at com.kms.katalon.core.windows.keyword.builtin.StartApplicationWithTitleKeyword.startApplicationWithTitle(StartApplicationWithTitleKeyword.groovy:32)
	at com.kms.katalon.core.windows.keyword.builtin.StartApplicationWithTitleKeyword.execute(StartApplicationWithTitleKeyword.groovy:28)
	at com.kms.katalon.core.keyword.internal.KeywordExecutor.executeKeywordForPlatform(KeywordExecutor.groovy:74)
	at com.kms.katalon.core.windows.keyword.WindowsBuiltinKeywords.startApplicationWithTitle(WindowsBuiltinKeywords.java:1064)
	at com.kms.katalon.core.windows.keyword.WindowsBuiltinKeywords$startApplicationWithTitle.call(Unknown Source)
	at CasoDesktop.run(CasoDesktop:20)
	at com.kms.katalon.core.main.ScriptEngine.run(ScriptEngine.java:194)
	at com.kms.katalon.core.main.ScriptEngine.runScriptAsRawText(ScriptEngine.java:119)
	at com.kms.katalon.core.main.TestCaseExecutor.runScript(TestCaseExecutor.java:448)
	at com.kms.katalon.core.main.TestCaseExecutor.doExecute(TestCaseExecutor.java:439)
	at com.kms.katalon.core.main.TestCaseExecutor.processExecutionPhase(TestCaseExecutor.java:418)
	at com.kms.katalon.core.main.TestCaseExecutor.accessMainPhase(TestCaseExecutor.java:410)
	at com.kms.katalon.core.main.TestCaseExecutor.execute(TestCaseExecutor.java:285)
	at com.kms.katalon.core.main.TestCaseExecutor.execute(TestCaseExecutor.java:369)
	at com.kms.katalon.core.main.TestCaseExecutor.execute(TestCaseExecutor.java:369)
	at com.kms.katalon.core.main.TestCaseExecutor.execute(TestCaseExecutor.java:369)
	at com.kms.katalon.core.common.CommonExecutor.accessTestCaseMainPhase(CommonExecutor.java:65)
	at com.kms.katalon.core.main.TestSuiteExecutor.accessTestSuiteMainPhase(TestSuiteExecutor.java:148)
	at com.kms.katalon.core.main.TestSuiteExecutor.execute(TestSuiteExecutor.java:106)
	at com.kms.katalon.core.main.TestCaseMain.startTestSuite(TestCaseMain.java:187)
	at com.kms.katalon.core.main.TestCaseMain$startTestSuite$0.call(Unknown Source)
	at TempTestSuite1685536956620.run(TempTestSuite1685536956620.groovy:36)
Caused by: java.net.ConnectException: Connection refused: connect
	at okhttp3.internal.platform.Platform.connectSocket(Platform.java:129)
	at okhttp3.internal.connection.RealConnection.connectSocket(RealConnection.java:245)
	at okhttp3.internal.connection.RealConnection.connect(RealConnection.java:165)
	at okhttp3.internal.connection.StreamAllocation.findConnection(StreamAllocation.java:257)
	at okhttp3.internal.connection.StreamAllocation.findHealthyConnection(StreamAllocation.java:135)
	at okhttp3.internal.connection.StreamAllocation.newStream(StreamAllocation.java:114)
	at okhttp3.internal.connection.ConnectInterceptor.intercept(ConnectInterceptor.java:42)
	at okhttp3.internal.http.RealInterceptorChain.proceed(RealInterceptorChain.java:147)
	at okhttp3.internal.http.RealInterceptorChain.proceed(RealInterceptorChain.java:121)
	at okhttp3.internal.cache.CacheInterceptor.intercept(CacheInterceptor.java:93)
	at okhttp3.internal.http.RealInterceptorChain.proceed(RealInterceptorChain.java:147)
	at okhttp3.internal.http.RealInterceptorChain.proceed(RealInterceptorChain.java:121)
	at okhttp3.internal.http.BridgeInterceptor.intercept(BridgeInterceptor.java:93)
	at okhttp3.internal.http.RealInterceptorChain.proceed(RealInterceptorChain.java:147)
	at okhttp3.internal.http.RetryAndFollowUpInterceptor.intercept(RetryAndFollowUpInterceptor.java:126)
	at okhttp3.internal.http.RealInterceptorChain.proceed(RealInterceptorChain.java:147)
	at okhttp3.internal.http.RealInterceptorChain.proceed(RealInterceptorChain.java:121)
	at okhttp3.RealCall.getResponseWithInterceptorChain(RealCall.java:200)
	at okhttp3.RealCall.execute(RealCall.java:77)
	at org.openqa.selenium.remote.internal.OkHttpClient.execute(OkHttpClient.java:103)
	at org.openqa.selenium.remote.ProtocolHandshake.createSession(ProtocolHandshake.java:105)
	at io.appium.java_client.remote.AppiumCommandExecutor$1.createSession(AppiumCommandExecutor.java:186)
	at io.appium.java_client.remote.AppiumCommandExecutor.createSession(AppiumCommandExecutor.java:217)
	at io.appium.java_client.remote.AppiumCommandExecutor.execute(AppiumCommandExecutor.java:239)
	at org.openqa.selenium.remote.RemoteWebDriver.execute(RemoteWebDriver.java:552)
	at io.appium.java_client.DefaultGenericMobileDriver.execute(DefaultGenericMobileDriver.java:42)
	at io.appium.java_client.AppiumDriver.execute(AppiumDriver.java:1)
	at io.appium.java_client.windows.WindowsDriver.execute(WindowsDriver.java:1)
	at org.openqa.selenium.remote.RemoteWebDriver.startSession(RemoteWebDriver.java:213)
	at org.openqa.selenium.remote.RemoteWebDriver.<init>(RemoteWebDriver.java:131)
	at io.appium.java_client.DefaultGenericMobileDriver.<init>(DefaultGenericMobileDriver.java:38)
	at io.appium.java_client.AppiumDriver.<init>(AppiumDriver.java:84)
	at io.appium.java_client.windows.WindowsDriver.<init>(WindowsDriver.java:38)
	at com.kms.katalon.core.windows.driver.WindowsDriverFactory.newWindowsDriver(WindowsDriverFactory.java:194)
	at com.kms.katalon.core.windows.driver.WindowsDriverFactory.startApplication(WindowsDriverFactory.java:112)
	at com.kms.katalon.core.windows.driver.WindowsDriverFactory.startApplication(WindowsDriverFactory.java:96)
	at com.kms.katalon.core.windows.driver.WindowsDriverFactory$startApplication.call(Unknown Source)
	at com.kms.katalon.core.windows.keyword.builtin.StartApplicationWithTitleKeyword$_startApplicationWithTitle_closure1.doCall(StartApplicationWithTitleKeyword.groovy:33)
	at com.kms.katalon.core.windows.keyword.builtin.StartApplicationWithTitleKeyword$_startApplicationWithTitle_closure1.doCall(StartApplicationWithTitleKeyword.groovy)
	at com.kms.katalon.core.keyword.internal.KeywordMain.runKeyword(KeywordMain.groovy:90)
	at com.kms.katalon.core.keyword.internal.KeywordMain$runKeyword.call(Unknown Source)
	at com.kms.katalon.core.windows.keyword.builtin.StartApplicationWithTitleKeyword.startApplicationWithTitle(StartApplicationWithTitleKeyword.groovy:32)
	at com.kms.katalon.core.windows.keyword.builtin.StartApplicationWithTitleKeyword.execute(StartApplicationWithTitleKeyword.groovy:28)
	at com.kms.katalon.core.keyword.internal.KeywordExecutor.executeKeywordForPlatform(KeywordExecutor.groovy:74)
	at com.kms.katalon.core.windows.keyword.WindowsBuiltinKeywords.startApplicationWithTitle(WindowsBuiltinKeywords.java:1064)
	at com.kms.katalon.core.windows.keyword.WindowsBuiltinKeywords$startApplicationWithTitle.call(Unknown Source)
	at Script1685475220651.run(Script1685475220651.groovy:20)
	... 16 more
)]]></system-out>
         <system-err><![CDATA[2023-05-31 09:42:57 - [TEST_CASE][FAILED] - Test Cases/CasoDesktop/CasoDesktop: Test Cases/CasoDesktop/CasoDesktop FAILED.
Reason:
com.kms.katalon.core.exception.StepFailedException: Connection refused: connect
Build info: version: '3.141.59', revision: 'e82be7d358', time: '2018-11-14T08:25:53'
System info: host: 'NTK0999', ip: '192.168.0.8', os.name: 'Windows 10', os.arch: 'amd64', os.version: '10.0', java.version: '1.8.0_282'
Driver info: driver.version: WindowsDriver (Root cause: org.openqa.selenium.WebDriverException: Connection refused: connect
Build info: version: '3.141.59', revision: 'e82be7d358', time: '2018-11-14T08:25:53'
System info: host: 'NTK0999', ip: '192.168.0.8', os.name: 'Windows 10', os.arch: 'amd64', os.version: '10.0', java.version: '1.8.0_282'
Driver info: driver.version: WindowsDriver
	at io.appium.java_client.remote.AppiumCommandExecutor.lambda$5(AppiumCommandExecutor.java:251)
	at io.appium.java_client.remote.AppiumCommandExecutor.execute(AppiumCommandExecutor.java:250)
	at org.openqa.selenium.remote.RemoteWebDriver.execute(RemoteWebDriver.java:552)
	at io.appium.java_client.DefaultGenericMobileDriver.execute(DefaultGenericMobileDriver.java:42)
	at io.appium.java_client.AppiumDriver.execute(AppiumDriver.java:1)
	at io.appium.java_client.windows.WindowsDriver.execute(WindowsDriver.java:1)
	at org.openqa.selenium.remote.RemoteWebDriver.startSession(RemoteWebDriver.java:213)
	at org.openqa.selenium.remote.RemoteWebDriver.<init>(RemoteWebDriver.java:131)
	at io.appium.java_client.DefaultGenericMobileDriver.<init>(DefaultGenericMobileDriver.java:38)
	at io.appium.java_client.AppiumDriver.<init>(AppiumDriver.java:84)
	at io.appium.java_client.windows.WindowsDriver.<init>(WindowsDriver.java:38)
	at com.kms.katalon.core.windows.driver.WindowsDriverFactory.newWindowsDriver(WindowsDriverFactory.java:194)
	at com.kms.katalon.core.windows.driver.WindowsDriverFactory.startApplication(WindowsDriverFactory.java:112)
	at com.kms.katalon.core.windows.driver.WindowsDriverFactory.startApplication(WindowsDriverFactory.java:96)
	at com.kms.katalon.core.windows.driver.WindowsDriverFactory$startApplication.call(Unknown Source)
	at com.kms.katalon.core.windows.keyword.builtin.StartApplicationWithTitleKeyword$_startApplicationWithTitle_closure1.doCall(StartApplicationWithTitleKeyword.groovy:33)
	at com.kms.katalon.core.windows.keyword.builtin.StartApplicationWithTitleKeyword$_startApplicationWithTitle_closure1.doCall(StartApplicationWithTitleKeyword.groovy)
	at com.kms.katalon.core.keyword.internal.KeywordMain.runKeyword(KeywordMain.groovy:90)
	at com.kms.katalon.core.keyword.internal.KeywordMain$runKeyword.call(Unknown Source)
	at com.kms.katalon.core.windows.keyword.builtin.StartApplicationWithTitleKeyword.startApplicationWithTitle(StartApplicationWithTitleKeyword.groovy:32)
	at com.kms.katalon.core.windows.keyword.builtin.StartApplicationWithTitleKeyword.execute(StartApplicationWithTitleKeyword.groovy:28)
	at com.kms.katalon.core.keyword.internal.KeywordExecutor.executeKeywordForPlatform(KeywordExecutor.groovy:74)
	at com.kms.katalon.core.windows.keyword.WindowsBuiltinKeywords.startApplicationWithTitle(WindowsBuiltinKeywords.java:1064)
	at com.kms.katalon.core.windows.keyword.WindowsBuiltinKeywords$startApplicationWithTitle.call(Unknown Source)
	at CasoDesktop.run(CasoDesktop:20)
	at com.kms.katalon.core.main.ScriptEngine.run(ScriptEngine.java:194)
	at com.kms.katalon.core.main.ScriptEngine.runScriptAsRawText(ScriptEngine.java:119)
	at com.kms.katalon.core.main.TestCaseExecutor.runScript(TestCaseExecutor.java:448)
	at com.kms.katalon.core.main.TestCaseExecutor.doExecute(TestCaseExecutor.java:439)
	at com.kms.katalon.core.main.TestCaseExecutor.processExecutionPhase(TestCaseExecutor.java:418)
	at com.kms.katalon.core.main.TestCaseExecutor.accessMainPhase(TestCaseExecutor.java:410)
	at com.kms.katalon.core.main.TestCaseExecutor.execute(TestCaseExecutor.java:285)
	at com.kms.katalon.core.main.TestCaseExecutor.execute(TestCaseExecutor.java:369)
	at com.kms.katalon.core.main.TestCaseExecutor.execute(TestCaseExecutor.java:369)
	at com.kms.katalon.core.main.TestCaseExecutor.execute(TestCaseExecutor.java:369)
	at com.kms.katalon.core.common.CommonExecutor.accessTestCaseMainPhase(CommonExecutor.java:65)
	at com.kms.katalon.core.main.TestSuiteExecutor.accessTestSuiteMainPhase(TestSuiteExecutor.java:148)
	at com.kms.katalon.core.main.TestSuiteExecutor.execute(TestSuiteExecutor.java:106)
	at com.kms.katalon.core.main.TestCaseMain.startTestSuite(TestCaseMain.java:187)
	at com.kms.katalon.core.main.TestCaseMain$startTestSuite$0.call(Unknown Source)
	at TempTestSuite1685536956620.run(TempTestSuite1685536956620.groovy:36)
Caused by: java.net.ConnectException: Connection refused: connect
	at okhttp3.internal.platform.Platform.connectSocket(Platform.java:129)
	at okhttp3.internal.connection.RealConnection.connectSocket(RealConnection.java:245)
	at okhttp3.internal.connection.RealConnection.connect(RealConnection.java:165)
	at okhttp3.internal.connection.StreamAllocation.findConnection(StreamAllocation.java:257)
	at okhttp3.internal.connection.StreamAllocation.findHealthyConnection(StreamAllocation.java:135)
	at okhttp3.internal.connection.StreamAllocation.newStream(StreamAllocation.java:114)
	at okhttp3.internal.connection.ConnectInterceptor.intercept(ConnectInterceptor.java:42)
	at okhttp3.internal.http.RealInterceptorChain.proceed(RealInterceptorChain.java:147)
	at okhttp3.internal.http.RealInterceptorChain.proceed(RealInterceptorChain.java:121)
	at okhttp3.internal.cache.CacheInterceptor.intercept(CacheInterceptor.java:93)
	at okhttp3.internal.http.RealInterceptorChain.proceed(RealInterceptorChain.java:147)
	at okhttp3.internal.http.RealInterceptorChain.proceed(RealInterceptorChain.java:121)
	at okhttp3.internal.http.BridgeInterceptor.intercept(BridgeInterceptor.java:93)
	at okhttp3.internal.http.RealInterceptorChain.proceed(RealInterceptorChain.java:147)
	at okhttp3.internal.http.RetryAndFollowUpInterceptor.intercept(RetryAndFollowUpInterceptor.java:126)
	at okhttp3.internal.http.RealInterceptorChain.proceed(RealInterceptorChain.java:147)
	at okhttp3.internal.http.RealInterceptorChain.proceed(RealInterceptorChain.java:121)
	at okhttp3.RealCall.getResponseWithInterceptorChain(RealCall.java:200)
	at okhttp3.RealCall.execute(RealCall.java:77)
	at org.openqa.selenium.remote.internal.OkHttpClient.execute(OkHttpClient.java:103)
	at org.openqa.selenium.remote.ProtocolHandshake.createSession(ProtocolHandshake.java:105)
	at io.appium.java_client.remote.AppiumCommandExecutor$1.createSession(AppiumCommandExecutor.java:186)
	at io.appium.java_client.remote.AppiumCommandExecutor.createSession(AppiumCommandExecutor.java:217)
	at io.appium.java_client.remote.AppiumCommandExecutor.execute(AppiumCommandExecutor.java:239)
	at org.openqa.selenium.remote.RemoteWebDriver.execute(RemoteWebDriver.java:552)
	at io.appium.java_client.DefaultGenericMobileDriver.execute(DefaultGenericMobileDriver.java:42)
	at io.appium.java_client.AppiumDriver.execute(AppiumDriver.java:1)
	at io.appium.java_client.windows.WindowsDriver.execute(WindowsDriver.java:1)
	at org.openqa.selenium.remote.RemoteWebDriver.startSession(RemoteWebDriver.java:213)
	at org.openqa.selenium.remote.RemoteWebDriver.<init>(RemoteWebDriver.java:131)
	at io.appium.java_client.DefaultGenericMobileDriver.<init>(DefaultGenericMobileDriver.java:38)
	at io.appium.java_client.AppiumDriver.<init>(AppiumDriver.java:84)
	at io.appium.java_client.windows.WindowsDriver.<init>(WindowsDriver.java:38)
	at com.kms.katalon.core.windows.driver.WindowsDriverFactory.newWindowsDriver(WindowsDriverFactory.java:194)
	at com.kms.katalon.core.windows.driver.WindowsDriverFactory.startApplication(WindowsDriverFactory.java:112)
	at com.kms.katalon.core.windows.driver.WindowsDriverFactory.startApplication(WindowsDriverFactory.java:96)
	at com.kms.katalon.core.windows.driver.WindowsDriverFactory$startApplication.call(Unknown Source)
	at com.kms.katalon.core.windows.keyword.builtin.StartApplicationWithTitleKeyword$_startApplicationWithTitle_closure1.doCall(StartApplicationWithTitleKeyword.groovy:33)
	at com.kms.katalon.core.windows.keyword.builtin.StartApplicationWithTitleKeyword$_startApplicationWithTitle_closure1.doCall(StartApplicationWithTitleKeyword.groovy)
	at com.kms.katalon.core.keyword.internal.KeywordMain.runKeyword(KeywordMain.groovy:90)
	at com.kms.katalon.core.keyword.internal.KeywordMain$runKeyword.call(Unknown Source)
	at com.kms.katalon.core.windows.keyword.builtin.StartApplicationWithTitleKeyword.startApplicationWithTitle(StartApplicationWithTitleKeyword.groovy:32)
	at com.kms.katalon.core.windows.keyword.builtin.StartApplicationWithTitleKeyword.execute(StartApplicationWithTitleKeyword.groovy:28)
	at com.kms.katalon.core.keyword.internal.KeywordExecutor.executeKeywordForPlatform(KeywordExecutor.groovy:74)
	at com.kms.katalon.core.windows.keyword.WindowsBuiltinKeywords.startApplicationWithTitle(WindowsBuiltinKeywords.java:1064)
	at com.kms.katalon.core.windows.keyword.WindowsBuiltinKeywords$startApplicationWithTitle.call(Unknown Source)
	at Script1685475220651.run(Script1685475220651.groovy:20)
	... 16 more
)
	at com.kms.katalon.core.keyword.internal.KeywordMain.stepFailed(KeywordMain.groovy:51)
	at com.kms.katalon.core.keyword.internal.KeywordMain.stepFailed(KeywordMain.groovy)
	at com.kms.katalon.core.keyword.internal.KeywordMain.runKeyword(KeywordMain.groovy:92)
	at com.kms.katalon.core.keyword.internal.KeywordMain$runKeyword.call(Unknown Source)
	at com.kms.katalon.core.windows.keyword.builtin.StartApplicationWithTitleKeyword.startApplicationWithTitle(StartApplicationWithTitleKeyword.groovy:32)
	at com.kms.katalon.core.windows.keyword.builtin.StartApplicationWithTitleKeyword.execute(StartApplicationWithTitleKeyword.groovy:28)
	at com.kms.katalon.core.keyword.internal.KeywordExecutor.executeKeywordForPlatform(KeywordExecutor.groovy:74)
	at com.kms.katalon.core.windows.keyword.WindowsBuiltinKeywords.startApplicationWithTitle(WindowsBuiltinKeywords.java:1064)
	at com.kms.katalon.core.windows.keyword.WindowsBuiltinKeywords$startApplicationWithTitle.call(Unknown Source)
	at CasoDesktop.run(CasoDesktop:20)
	at com.kms.katalon.core.main.ScriptEngine.run(ScriptEngine.java:194)
	at com.kms.katalon.core.main.ScriptEngine.runScriptAsRawText(ScriptEngine.java:119)
	at com.kms.katalon.core.main.TestCaseExecutor.runScript(TestCaseExecutor.java:448)
	at com.kms.katalon.core.main.TestCaseExecutor.doExecute(TestCaseExecutor.java:439)
	at com.kms.katalon.core.main.TestCaseExecutor.processExecutionPhase(TestCaseExecutor.java:418)
	at com.kms.katalon.core.main.TestCaseExecutor.accessMainPhase(TestCaseExecutor.java:410)
	at com.kms.katalon.core.main.TestCaseExecutor.execute(TestCaseExecutor.java:285)
	at com.kms.katalon.core.main.TestCaseExecutor.execute(TestCaseExecutor.java:369)
	at com.kms.katalon.core.main.TestCaseExecutor.execute(TestCaseExecutor.java:369)
	at com.kms.katalon.core.main.TestCaseExecutor.execute(TestCaseExecutor.java:369)
	at com.kms.katalon.core.common.CommonExecutor.accessTestCaseMainPhase(CommonExecutor.java:65)
	at com.kms.katalon.core.main.TestSuiteExecutor.accessTestSuiteMainPhase(TestSuiteExecutor.java:148)
	at com.kms.katalon.core.main.TestSuiteExecutor.execute(TestSuiteExecutor.java:106)
	at com.kms.katalon.core.main.TestCaseMain.startTestSuite(TestCaseMain.java:187)
	at com.kms.katalon.core.main.TestCaseMain$startTestSuite$0.call(Unknown Source)
	at TempTestSuite1685536956620.run(TempTestSuite1685536956620.groovy:36)
Caused by: org.openqa.selenium.WebDriverException: Connection refused: connect
Build info: version: '3.141.59', revision: 'e82be7d358', time: '2018-11-14T08:25:53'
System info: host: 'NTK0999', ip: '192.168.0.8', os.name: 'Windows 10', os.arch: 'amd64', os.version: '10.0', java.version: '1.8.0_282'
Driver info: driver.version: WindowsDriver
	at io.appium.java_client.remote.AppiumCommandExecutor.lambda$5(AppiumCommandExecutor.java:251)
	at io.appium.java_client.remote.AppiumCommandExecutor.execute(AppiumCommandExecutor.java:250)
	at org.openqa.selenium.remote.RemoteWebDriver.execute(RemoteWebDriver.java:552)
	at io.appium.java_client.DefaultGenericMobileDriver.execute(DefaultGenericMobileDriver.java:42)
	at io.appium.java_client.AppiumDriver.execute(AppiumDriver.java:1)
	at io.appium.java_client.windows.WindowsDriver.execute(WindowsDriver.java:1)
	at org.openqa.selenium.remote.RemoteWebDriver.startSession(RemoteWebDriver.java:213)
	at org.openqa.selenium.remote.RemoteWebDriver.<init>(RemoteWebDriver.java:131)
	at io.appium.java_client.DefaultGenericMobileDriver.<init>(DefaultGenericMobileDriver.java:38)
	at io.appium.java_client.AppiumDriver.<init>(AppiumDriver.java:84)
	at io.appium.java_client.windows.WindowsDriver.<init>(WindowsDriver.java:38)
	at com.kms.katalon.core.windows.driver.WindowsDriverFactory.newWindowsDriver(WindowsDriverFactory.java:194)
	at com.kms.katalon.core.windows.driver.WindowsDriverFactory.startApplication(WindowsDriverFactory.java:112)
	at com.kms.katalon.core.windows.driver.WindowsDriverFactory.startApplication(WindowsDriverFactory.java:96)
	at com.kms.katalon.core.windows.driver.WindowsDriverFactory$startApplication.call(Unknown Source)
	at com.kms.katalon.core.windows.keyword.builtin.StartApplicationWithTitleKeyword$_startApplicationWithTitle_closure1.doCall(StartApplicationWithTitleKeyword.groovy:33)
	at com.kms.katalon.core.windows.keyword.builtin.StartApplicationWithTitleKeyword$_startApplicationWithTitle_closure1.doCall(StartApplicationWithTitleKeyword.groovy)
	at com.kms.katalon.core.keyword.internal.KeywordMain.runKeyword(KeywordMain.groovy:90)
	... 23 more
Caused by: java.net.ConnectException: Connection refused: connect
	at okhttp3.internal.platform.Platform.connectSocket(Platform.java:129)
	at okhttp3.internal.connection.RealConnection.connectSocket(RealConnection.java:245)
	at okhttp3.internal.connection.RealConnection.connect(RealConnection.java:165)
	at okhttp3.internal.connection.StreamAllocation.findConnection(StreamAllocation.java:257)
	at okhttp3.internal.connection.StreamAllocation.findHealthyConnection(StreamAllocation.java:135)
	at okhttp3.internal.connection.StreamAllocation.newStream(StreamAllocation.java:114)
	at okhttp3.internal.connection.ConnectInterceptor.intercept(ConnectInterceptor.java:42)
	at okhttp3.internal.http.RealInterceptorChain.proceed(RealInterceptorChain.java:147)
	at okhttp3.internal.http.RealInterceptorChain.proceed(RealInterceptorChain.java:121)
	at okhttp3.internal.cache.CacheInterceptor.intercept(CacheInterceptor.java:93)
	at okhttp3.internal.http.RealInterceptorChain.proceed(RealInterceptorChain.java:147)
	at okhttp3.internal.http.RealInterceptorChain.proceed(RealInterceptorChain.java:121)
	at okhttp3.internal.http.BridgeInterceptor.intercept(BridgeInterceptor.java:93)
	at okhttp3.internal.http.RealInterceptorChain.proceed(RealInterceptorChain.java:147)
	at okhttp3.internal.http.RetryAndFollowUpInterceptor.intercept(RetryAndFollowUpInterceptor.java:126)
	at okhttp3.internal.http.RealInterceptorChain.proceed(RealInterceptorChain.java:147)
	at okhttp3.internal.http.RealInterceptorChain.proceed(RealInterceptorChain.java:121)
	at okhttp3.RealCall.getResponseWithInterceptorChain(RealCall.java:200)
	at okhttp3.RealCall.execute(RealCall.java:77)
	at org.openqa.selenium.remote.internal.OkHttpClient.execute(OkHttpClient.java:103)
	at org.openqa.selenium.remote.ProtocolHandshake.createSession(ProtocolHandshake.java:105)
	at io.appium.java_client.remote.AppiumCommandExecutor$1.createSession(AppiumCommandExecutor.java:186)
	at io.appium.java_client.remote.AppiumCommandExecutor.createSession(AppiumCommandExecutor.java:217)
	at io.appium.java_client.remote.AppiumCommandExecutor.execute(AppiumCommandExecutor.java:239)
	... 39 more]]></system-err>
      </testcase>
      <testcase name="Test Cases/CasoConVariablesSinExcel/CasoWebConVariables" time="19.644" classname="Test Cases/CasoConVariablesSinExcel/CasoWebConVariables" status="PASSED">
         <system-out><![CDATA[2023-05-31 09:42:59 - [TEST_CASE][PASSED] - Test Cases/CasoConVariablesSinExcel/CasoWebConVariables: Test Cases/CasoConVariablesSinExcel/CasoWebConVariables

2023-05-31 09:43:00 - [TEST_STEP][PASSED] - openBrowser(""): Browser is opened with url: ''

2023-05-31 09:43:00 - [MESSAGE][INFO] - Starting 'Chrome' driver

2023-05-31 09:43:00 - [MESSAGE][INFO] - Action delay is set to 0 milliseconds

2023-05-31 09:43:02 - [MESSAGE][PASSED] - Browser is opened with url: ''

2023-05-31 09:43:02 - [TEST_STEP][PASSED] - navigateToUrl("https://demoqa.com/"): Navigate to 'https://demoqa.com/' successfully

2023-05-31 09:43:08 - [MESSAGE][PASSED] - Navigate to 'https://demoqa.com/' successfully

2023-05-31 09:43:08 - [TEST_STEP][PASSED] - maximizeWindow(): Current window maximized

2023-05-31 09:43:08 - [MESSAGE][PASSED] - Current window maximized

2023-05-31 09:43:08 - [TEST_STEP][PASSED] - waitForPageLoad(30): Wait for page load successfully

2023-05-31 09:43:09 - [MESSAGE][PASSED] - Wait for page load successfully

2023-05-31 09:43:09 - [TEST_STEP][PASSED] - click(findTestObject("Object Repository/Page_DEMOQA/div_Elements")): Object: 'Object Repository/Page_DEMOQA/div_Elements' is clicked on

2023-05-31 09:43:09 - [MESSAGE][PASSED] - Object: 'Object Repository/Page_DEMOQA/div_Elements' is clicked on

2023-05-31 09:43:09 - [TEST_STEP][PASSED] - click(findTestObject("Object Repository/Page_DEMOQA/li_Text Box")): Object: 'Object Repository/Page_DEMOQA/li_Text Box' is clicked on

2023-05-31 09:43:11 - [MESSAGE][PASSED] - Object: 'Object Repository/Page_DEMOQA/li_Text Box' is clicked on

2023-05-31 09:43:11 - [TEST_STEP][PASSED] - setText(findTestObject("Object Repository/Page_DEMOQA/input_Full Name_userName"), "Juan Cruz Mouhape"): Text 'Juan Cruz Mouhape' is set on object 'Object Repository/Page_DEMOQA/input_Full Name_userName'

2023-05-31 09:43:12 - [MESSAGE][PASSED] - Text 'Juan Cruz Mouhape' is set on object 'Object Repository/Page_DEMOQA/input_Full Name_userName'

2023-05-31 09:43:12 - [TEST_STEP][PASSED] - setText(findTestObject("Object Repository/Page_DEMOQA/input_Email_userEmail"), "pruebademo@gmail.com"): Text 'pruebademo@gmail.com' is set on object 'Object Repository/Page_DEMOQA/input_Email_userEmail'

2023-05-31 09:43:13 - [MESSAGE][PASSED] - Text 'pruebademo@gmail.com' is set on object 'Object Repository/Page_DEMOQA/input_Email_userEmail'

2023-05-31 09:43:13 - [TEST_STEP][PASSED] - setText(findTestObject("Object Repository/Page_DEMOQA/textarea_Current Address_currentAddress"), "Pasaje San Luis 252"): Text 'Pasaje San Luis 252' is set on object 'Object Repository/Page_DEMOQA/textarea_Current Address_currentAddress'

2023-05-31 09:43:14 - [MESSAGE][PASSED] - Text 'Pasaje San Luis 252' is set on object 'Object Repository/Page_DEMOQA/textarea_Current Address_currentAddress'

2023-05-31 09:43:14 - [TEST_STEP][PASSED] - setText(findTestObject("Object Repository/Page_DEMOQA/textarea_Permanent Address_permanentAddress"), "Pasaje San Luis 252"): Text 'Pasaje San Luis 252' is set on object 'Object Repository/Page_DEMOQA/textarea_Permanent Address_permanentAddress'

2023-05-31 09:43:15 - [MESSAGE][PASSED] - Text 'Pasaje San Luis 252' is set on object 'Object Repository/Page_DEMOQA/textarea_Permanent Address_permanentAddress'

2023-05-31 09:43:15 - [TEST_STEP][PASSED] - scrollToElement(findTestObject("Page_DEMOQA/button_Submit"), 4): Scroll to object 'Object Repository/Page_DEMOQA/button_Submit' successfully

2023-05-31 09:43:15 - [MESSAGE][PASSED] - Scroll to object 'Object Repository/Page_DEMOQA/button_Submit' successfully

2023-05-31 09:43:15 - [TEST_STEP][PASSED] - click(findTestObject("Object Repository/Page_DEMOQA/button_Submit")): Object: 'Object Repository/Page_DEMOQA/button_Submit' is clicked on

2023-05-31 09:43:16 - [MESSAGE][PASSED] - Object: 'Object Repository/Page_DEMOQA/button_Submit' is clicked on

2023-05-31 09:43:16 - [TEST_STEP][PASSED] - retornoFullName = getText(findTestObject("Object Repository/Page_DEMOQA/p_NameJuan Cruz Mouhape")): Text of object 'Object Repository/Page_DEMOQA/p_NameJuan Cruz Mouhape' is: 'Name:Juan Cruz Mouhape'

2023-05-31 09:43:17 - [MESSAGE][PASSED] - Text of object 'Object Repository/Page_DEMOQA/p_NameJuan Cruz Mouhape' is: 'Name:Juan Cruz Mouhape'

2023-05-31 09:43:17 - [TEST_STEP][PASSED] - fullNameLoad = retornoFullName.split(":"): null

2023-05-31 09:43:17 - [TEST_STEP][PASSED] - verifyMatch(fullName, fullNameLoad[1], false): Actual text 'Juan Cruz Mouhape' and expected text 'Juan Cruz Mouhape' are matched 

2023-05-31 09:43:17 - [MESSAGE][PASSED] - Actual text 'Juan Cruz Mouhape' and expected text 'Juan Cruz Mouhape' are matched 

2023-05-31 09:43:17 - [TEST_STEP][PASSED] - retornoEmail = getText(findTestObject("Object Repository/Page_DEMOQA/p_Emailpruebademogmail.com")): Text of object 'Object Repository/Page_DEMOQA/p_Emailpruebademogmail.com' is: 'Email:pruebademo@gmail.com'

2023-05-31 09:43:17 - [MESSAGE][PASSED] - Text of object 'Object Repository/Page_DEMOQA/p_Emailpruebademogmail.com' is: 'Email:pruebademo@gmail.com'

2023-05-31 09:43:17 - [TEST_STEP][PASSED] - emailLoad = retornoEmail.split(":"): null

2023-05-31 09:43:17 - [TEST_STEP][PASSED] - verifyMatch(email, emailLoad[1], false): Actual text 'pruebademo@gmail.com' and expected text 'pruebademo@gmail.com' are matched 

2023-05-31 09:43:17 - [MESSAGE][PASSED] - Actual text 'pruebademo@gmail.com' and expected text 'pruebademo@gmail.com' are matched 

2023-05-31 09:43:17 - [TEST_STEP][PASSED] - retornoAddress = getText(findTestObject("Object Repository/Page_DEMOQA/p_Current Address Pasaje San Luis 252")): Text of object 'Object Repository/Page_DEMOQA/p_Current Address Pasaje San Luis 252' is: 'Current Address :Pasaje San Luis 252'

2023-05-31 09:43:18 - [MESSAGE][PASSED] - Text of object 'Object Repository/Page_DEMOQA/p_Current Address Pasaje San Luis 252' is: 'Current Address :Pasaje San Luis 252'

2023-05-31 09:43:18 - [TEST_STEP][PASSED] - addressLoad = retornoAddress.split(":"): null

2023-05-31 09:43:18 - [TEST_STEP][PASSED] - verifyMatch(currentAddress, addressLoad[1], false): Actual text 'Pasaje San Luis 252' and expected text 'Pasaje San Luis 252' are matched 

2023-05-31 09:43:18 - [MESSAGE][PASSED] - Actual text 'Pasaje San Luis 252' and expected text 'Pasaje San Luis 252' are matched 

2023-05-31 09:43:18 - [TEST_STEP][PASSED] - retornoAddressPermanent = getText(findTestObject("Object Repository/Page_DEMOQA/p_Permananet Address Pasaje San Luis 252")): Text of object 'Object Repository/Page_DEMOQA/p_Permananet Address Pasaje San Luis 252' is: 'Permananet Address :Pasaje San Luis 252'

2023-05-31 09:43:18 - [MESSAGE][PASSED] - Text of object 'Object Repository/Page_DEMOQA/p_Permananet Address Pasaje San Luis 252' is: 'Permananet Address :Pasaje San Luis 252'

2023-05-31 09:43:18 - [TEST_STEP][PASSED] - addressPermanentLoad = retornoAddressPermanent.split(":"): null

2023-05-31 09:43:18 - [TEST_STEP][PASSED] - verifyMatch(permanentAddress, addressPermanentLoad[1], false): Actual text 'Pasaje San Luis 252' and expected text 'Pasaje San Luis 252' are matched 

2023-05-31 09:43:18 - [MESSAGE][PASSED] - Actual text 'Pasaje San Luis 252' and expected text 'Pasaje San Luis 252' are matched 

2023-05-31 09:43:18 - [TEST_STEP][PASSED] - closeBrowser(): Browser is closed

2023-05-31 09:43:19 - [MESSAGE][PASSED] - Browser is closed]]></system-out>
         <system-err><![CDATA[]]></system-err>
      </testcase>
      <system-out><![CDATA[2023-05-31 09:42:48 - [TEST_SUITE][FAILED] - TestSuiteDiferentesTest: Test Cases/CasoDesktop/CasoDesktop FAILED.
Reason:
com.kms.katalon.core.exception.StepFailedException: Connection refused: connect
Build info: version: '3.141.59', revision: 'e82be7d358', time: '2018-11-14T08:25:53'
System info: host: 'NTK0999', ip: '192.168.0.8', os.name: 'Windows 10', os.arch: 'amd64', os.version: '10.0', java.version: '1.8.0_282'
Driver info: driver.version: WindowsDriver (Root cause: org.openqa.selenium.WebDriverException: Connection refused: connect
Build info: version: '3.141.59', revision: 'e82be7d358', time: '2018-11-14T08:25:53'
System info: host: 'NTK0999', ip: '192.168.0.8', os.name: 'Windows 10', os.arch: 'amd64', os.version: '10.0', java.version: '1.8.0_282'
Driver info: driver.version: WindowsDriver
	at io.appium.java_client.remote.AppiumCommandExecutor.lambda$5(AppiumCommandExecutor.java:251)
	at io.appium.java_client.remote.AppiumCommandExecutor.execute(AppiumCommandExecutor.java:250)
	at org.openqa.selenium.remote.RemoteWebDriver.execute(RemoteWebDriver.java:552)
	at io.appium.java_client.DefaultGenericMobileDriver.execute(DefaultGenericMobileDriver.java:42)
	at io.appium.java_client.AppiumDriver.execute(AppiumDriver.java:1)
	at io.appium.java_client.windows.WindowsDriver.execute(WindowsDriver.java:1)
	at org.openqa.selenium.remote.RemoteWebDriver.startSession(RemoteWebDriver.java:213)
	at org.openqa.selenium.remote.RemoteWebDriver.<init>(RemoteWebDriver.java:131)
	at io.appium.java_client.DefaultGenericMobileDriver.<init>(DefaultGenericMobileDriver.java:38)
	at io.appium.java_client.AppiumDriver.<init>(AppiumDriver.java:84)
	at io.appium.java_client.windows.WindowsDriver.<init>(WindowsDriver.java:38)
	at com.kms.katalon.core.windows.driver.WindowsDriverFactory.newWindowsDriver(WindowsDriverFactory.java:194)
	at com.kms.katalon.core.windows.driver.WindowsDriverFactory.startApplication(WindowsDriverFactory.java:112)
	at com.kms.katalon.core.windows.driver.WindowsDriverFactory.startApplication(WindowsDriverFactory.java:96)
	at com.kms.katalon.core.windows.driver.WindowsDriverFactory$startApplication.call(Unknown Source)
	at com.kms.katalon.core.windows.keyword.builtin.StartApplicationWithTitleKeyword$_startApplicationWithTitle_closure1.doCall(StartApplicationWithTitleKeyword.groovy:33)
	at com.kms.katalon.core.windows.keyword.builtin.StartApplicationWithTitleKeyword$_startApplicationWithTitle_closure1.doCall(StartApplicationWithTitleKeyword.groovy)
	at com.kms.katalon.core.keyword.internal.KeywordMain.runKeyword(KeywordMain.groovy:90)
	at com.kms.katalon.core.keyword.internal.KeywordMain$runKeyword.call(Unknown Source)
	at com.kms.katalon.core.windows.keyword.builtin.StartApplicationWithTitleKeyword.startApplicationWithTitle(StartApplicationWithTitleKeyword.groovy:32)
	at com.kms.katalon.core.windows.keyword.builtin.StartApplicationWithTitleKeyword.execute(StartApplicationWithTitleKeyword.groovy:28)
	at com.kms.katalon.core.keyword.internal.KeywordExecutor.executeKeywordForPlatform(KeywordExecutor.groovy:74)
	at com.kms.katalon.core.windows.keyword.WindowsBuiltinKeywords.startApplicationWithTitle(WindowsBuiltinKeywords.java:1064)
	at com.kms.katalon.core.windows.keyword.WindowsBuiltinKeywords$startApplicationWithTitle.call(Unknown Source)
	at CasoDesktop.run(CasoDesktop:20)
	at com.kms.katalon.core.main.ScriptEngine.run(ScriptEngine.java:194)
	at com.kms.katalon.core.main.ScriptEngine.runScriptAsRawText(ScriptEngine.java:119)
	at com.kms.katalon.core.main.TestCaseExecutor.runScript(TestCaseExecutor.java:448)
	at com.kms.katalon.core.main.TestCaseExecutor.doExecute(TestCaseExecutor.java:439)
	at com.kms.katalon.core.main.TestCaseExecutor.processExecutionPhase(TestCaseExecutor.java:418)
	at com.kms.katalon.core.main.TestCaseExecutor.accessMainPhase(TestCaseExecutor.java:410)
	at com.kms.katalon.core.main.TestCaseExecutor.execute(TestCaseExecutor.java:285)
	at com.kms.katalon.core.common.CommonExecutor.accessTestCaseMainPhase(CommonExecutor.java:65)
	at com.kms.katalon.core.main.TestSuiteExecutor.accessTestSuiteMainPhase(TestSuiteExecutor.java:148)
	at com.kms.katalon.core.main.TestSuiteExecutor.execute(TestSuiteExecutor.java:106)
	at com.kms.katalon.core.main.TestCaseMain.startTestSuite(TestCaseMain.java:187)
	at com.kms.katalon.core.main.TestCaseMain$startTestSuite$0.call(Unknown Source)
	at TempTestSuite1685536956620.run(TempTestSuite1685536956620.groovy:36)
Caused by: java.net.ConnectException: Connection refused: connect
[...]
	at com.kms.katalon.core.main.TestCaseMain.startTestSuite(TestCaseMain.java:187)
	at com.kms.katalon.core.main.TestCaseMain$startTestSuite$0.call(Unknown Source)
	at TempTestSuite1685536956620.run(TempTestSuite1685536956620.groovy:36)
Caused by: org.openqa.selenium.WebDriverException: Connection refused: connect
Build info: version: '3.141.59', revision: 'e82be7d358', time: '2018-11-14T08:25:53'
System info: host: 'NTK0999', ip: '192.168.0.8', os.name: 'Windows 10', os.arch: 'amd64', os.version: '10.0', java.version: '1.8.0_282'
Driver info: driver.version: WindowsDriver
	at io.appium.java_client.remote.AppiumCommandExecutor.lambda$5(AppiumCommandExecutor.java:251)
	at io.appium.java_client.remote.AppiumCommandExecutor.execute(AppiumCommandExecutor.java:250)
	at org.openqa.selenium.remote.RemoteWebDriver.execute(RemoteWebDriver.java:552)
	at io.appium.java_client.DefaultGenericMobileDriver.execute(DefaultGenericMobileDriver.java:42)
	at io.appium.java_client.AppiumDriver.execute(AppiumDriver.java:1)
	at io.appium.java_client.windows.WindowsDriver.execute(WindowsDriver.java:1)
	at org.openqa.selenium.remote.RemoteWebDriver.startSession(RemoteWebDriver.java:213)
	at org.openqa.selenium.remote.RemoteWebDriver.<init>(RemoteWebDriver.java:131)
	at io.appium.java_client.DefaultGenericMobileDriver.<init>(DefaultGenericMobileDriver.java:38)
	at io.appium.java_client.AppiumDriver.<init>(AppiumDriver.java:84)
	at io.appium.java_client.windows.WindowsDriver.<init>(WindowsDriver.java:38)
	at com.kms.katalon.core.windows.driver.WindowsDriverFactory.newWindowsDriver(WindowsDriverFactory.java:194)
	at com.kms.katalon.core.windows.driver.WindowsDriverFactory.startApplication(WindowsDriverFactory.java:112)
	at com.kms.katalon.core.windows.driver.WindowsDriverFactory.startApplication(WindowsDriverFactory.java:96)
	at com.kms.katalon.core.windows.driver.WindowsDriverFactory$startApplication.call(Unknown Source)
	at com.kms.katalon.core.windows.keyword.builtin.StartApplicationWithTitleKeyword$_startApplicationWithTitle_closure1.doCall(StartApplicationWithTitleKeyword.groovy:33)
	at com.kms.katalon.core.windows.keyword.builtin.StartApplicationWithTitleKeyword$_startApplicationWithTitle_closure1.doCall(StartApplicationWithTitleKeyword.groovy)
	at com.kms.katalon.core.keyword.internal.KeywordMain.runKeyword(KeywordMain.groovy:90)
	... 20 more
Caused by: java.net.ConnectException: Connection refused: connect
	at okhttp3.internal.platform.Platform.connectSocket(Platform.java:129)
	at okhttp3.internal.connection.RealConnection.connectSocket(RealConnection.java:245)
	at okhttp3.internal.connection.RealConnection.connect(RealConnection.java:165)
	at okhttp3.internal.connection.StreamAllocation.findConnection(StreamAllocation.java:257)
	at okhttp3.internal.connection.StreamAllocation.findHealthyConnection(StreamAllocation.java:135)
	at okhttp3.internal.connection.StreamAllocation.newStream(StreamAllocation.java:114)
	at okhttp3.internal.connection.ConnectInterceptor.intercept(ConnectInterceptor.java:42)
	at okhttp3.internal.http.RealInterceptorChain.proceed(RealInterceptorChain.java:147)
	at okhttp3.internal.http.RealInterceptorChain.proceed(RealInterceptorChain.java:121)
	at okhttp3.internal.cache.CacheInterceptor.intercept(CacheInterceptor.java:93)
	at okhttp3.internal.http.RealInterceptorChain.proceed(RealInterceptorChain.java:147)
	at okhttp3.internal.http.RealInterceptorChain.proceed(RealInterceptorChain.java:121)
	at okhttp3.internal.http.BridgeInterceptor.intercept(BridgeInterceptor.java:93)
	at okhttp3.internal.http.RealInterceptorChain.proceed(RealInterceptorChain.java:147)
	at okhttp3.internal.http.RetryAndFollowUpInterceptor.intercept(RetryAndFollowUpInterceptor.java:126)
	at okhttp3.internal.http.RealInterceptorChain.proceed(RealInterceptorChain.java:147)
	at okhttp3.internal.http.RealInterceptorChain.proceed(RealInterceptorChain.java:121)
	at okhttp3.RealCall.getResponseWithInterceptorChain(RealCall.java:200)
	at okhttp3.RealCall.execute(RealCall.java:77)
	at org.openqa.selenium.remote.internal.OkHttpClient.execute(OkHttpClient.java:103)
	at org.openqa.selenium.remote.ProtocolHandshake.createSession(ProtocolHandshake.java:105)
	at io.appium.java_client.remote.AppiumCommandExecutor$1.createSession(AppiumCommandExecutor.java:186)
	at io.appium.java_client.remote.AppiumCommandExecutor.createSession(AppiumCommandExecutor.java:217)
	at io.appium.java_client.remote.AppiumCommandExecutor.execute(AppiumCommandExecutor.java:239)
	... 36 more]]></system-out>
      <system-err><![CDATA[2023-05-31 09:42:48 - [TEST_SUITE][FAILED] - TestSuiteDiferentesTest: Test Cases/CasoDesktop/CasoDesktop FAILED.
Reason:
com.kms.katalon.core.exception.StepFailedException: Connection refused: connect
Build info: version: '3.141.59', revision: 'e82be7d358', time: '2018-11-14T08:25:53'
System info: host: 'NTK0999', ip: '192.168.0.8', os.name: 'Windows 10', os.arch: 'amd64', os.version: '10.0', java.version: '1.8.0_282'
Driver info: driver.version: WindowsDriver (Root cause: org.openqa.selenium.WebDriverException: Connection refused: connect
Build info: version: '3.141.59', revision: 'e82be7d358', time: '2018-11-14T08:25:53'
System info: host: 'NTK0999', ip: '192.168.0.8', os.name: 'Windows 10', os.arch: 'amd64', os.version: '10.0', java.version: '1.8.0_282'
Driver info: driver.version: WindowsDriver
	at io.appium.java_client.remote.AppiumCommandExecutor.lambda$5(AppiumCommandExecutor.java:251)
	at io.appium.java_client.remote.AppiumCommandExecutor.execute(AppiumCommandExecutor.java:250)
	at org.openqa.selenium.remote.RemoteWebDriver.execute(RemoteWebDriver.java:552)
	at io.appium.java_client.DefaultGenericMobileDriver.execute(DefaultGenericMobileDriver.java:42)
	at io.appium.java_client.AppiumDriver.execute(AppiumDriver.java:1)
	at io.appium.java_client.windows.WindowsDriver.execute(WindowsDriver.java:1)
	at org.openqa.selenium.remote.RemoteWebDriver.startSession(RemoteWebDriver.java:213)
	at org.openqa.selenium.remote.RemoteWebDriver.<init>(RemoteWebDriver.java:131)
	at io.appium.java_client.DefaultGenericMobileDriver.<init>(DefaultGenericMobileDriver.java:38)
	at io.appium.java_client.AppiumDriver.<init>(AppiumDriver.java:84)
	at io.appium.java_client.windows.WindowsDriver.<init>(WindowsDriver.java:38)
	at com.kms.katalon.core.windows.driver.WindowsDriverFactory.newWindowsDriver(WindowsDriverFactory.java:194)
	at com.kms.katalon.core.windows.driver.WindowsDriverFactory.startApplication(WindowsDriverFactory.java:112)
	at com.kms.katalon.core.windows.driver.WindowsDriverFactory.startApplication(WindowsDriverFactory.java:96)
	at com.kms.katalon.core.windows.driver.WindowsDriverFactory$startApplication.call(Unknown Source)
	at com.kms.katalon.core.windows.keyword.builtin.StartApplicationWithTitleKeyword$_startApplicationWithTitle_closure1.doCall(StartApplicationWithTitleKeyword.groovy:33)
	at com.kms.katalon.core.windows.keyword.builtin.StartApplicationWithTitleKeyword$_startApplicationWithTitle_closure1.doCall(StartApplicationWithTitleKeyword.groovy)
	at com.kms.katalon.core.keyword.internal.KeywordMain.runKeyword(KeywordMain.groovy:90)
	at com.kms.katalon.core.keyword.internal.KeywordMain$runKeyword.call(Unknown Source)
	at com.kms.katalon.core.windows.keyword.builtin.StartApplicationWithTitleKeyword.startApplicationWithTitle(StartApplicationWithTitleKeyword.groovy:32)
	at com.kms.katalon.core.windows.keyword.builtin.StartApplicationWithTitleKeyword.execute(StartApplicationWithTitleKeyword.groovy:28)
	at com.kms.katalon.core.keyword.internal.KeywordExecutor.executeKeywordForPlatform(KeywordExecutor.groovy:74)
	at com.kms.katalon.core.windows.keyword.WindowsBuiltinKeywords.startApplicationWithTitle(WindowsBuiltinKeywords.java:1064)
	at com.kms.katalon.core.windows.keyword.WindowsBuiltinKeywords$startApplicationWithTitle.call(Unknown Source)
	at CasoDesktop.run(CasoDesktop:20)
	at com.kms.katalon.core.main.ScriptEngine.run(ScriptEngine.java:194)
	at com.kms.katalon.core.main.ScriptEngine.runScriptAsRawText(ScriptEngine.java:119)
	at com.kms.katalon.core.main.TestCaseExecutor.runScript(TestCaseExecutor.java:448)
	at com.kms.katalon.core.main.TestCaseExecutor.doExecute(TestCaseExecutor.java:439)
	at com.kms.katalon.core.main.TestCaseExecutor.processExecutionPhase(TestCaseExecutor.java:418)
	at com.kms.katalon.core.main.TestCaseExecutor.accessMainPhase(TestCaseExecutor.java:410)
	at com.kms.katalon.core.main.TestCaseExecutor.execute(TestCaseExecutor.java:285)
	at com.kms.katalon.core.common.CommonExecutor.accessTestCaseMainPhase(CommonExecutor.java:65)
	at com.kms.katalon.core.main.TestSuiteExecutor.accessTestSuiteMainPhase(TestSuiteExecutor.java:148)
	at com.kms.katalon.core.main.TestSuiteExecutor.execute(TestSuiteExecutor.java:106)
	at com.kms.katalon.core.main.TestCaseMain.startTestSuite(TestCaseMain.java:187)
	at com.kms.katalon.core.main.TestCaseMain$startTestSuite$0.call(Unknown Source)
	at TempTestSuite1685536956620.run(TempTestSuite1685536956620.groovy:36)
Caused by: java.net.ConnectException: Connection refused: connect
	at okhttp3.internal.platform.Platform.connectSocket(Platform.java:129)
	at okhttp3.internal.connection.RealConnection.connectSocket(RealConnection.java:245)
	at okhttp3.internal.connection.RealConnection.connect(RealConnection.java:165)
	at okhttp3.internal.connection.StreamAllocation.findConnection(StreamAllocation.java:257)
	at okhttp3.internal.connection.StreamAllocation.findHealthyConnection(StreamAllocation.java:135)
	at okhttp3.internal.connection.StreamAllocation.newStream(StreamAllocation.java:114)
	at okhttp3.internal.connection.ConnectInterceptor.intercept(ConnectInterceptor.java:42)
	at okhttp3.internal.http.RealInterceptorChain.proceed(RealInterceptorChain.java:147)
	at okhttp3.internal.http.RealInterceptorChain.proceed(RealInterceptorChain.java:121)
	at okhttp3.internal.cache.CacheInterceptor.intercept(CacheInterceptor.java:93)
	at okhttp3.internal.http.RealInterceptorChain.proceed(RealInterceptorChain.java:147)
	at okhttp3.internal.http.RealInterceptorChain.proceed(RealInterceptorChain.java:121)
	at okhttp3.internal.http.BridgeInterceptor.intercept(BridgeInterceptor.java:93)
	at okhttp3.internal.http.RealInterceptorChain.proceed(RealInterceptorChain.java:147)
	at okhttp3.internal.http.RetryAndFollowUpInterceptor.intercept(RetryAndFollowUpInterceptor.java:126)
	at okhttp3.internal.http.RealInterceptorChain.proceed(RealInterceptorChain.java:147)
	at okhttp3.internal.http.RealInterceptorChain.proceed(RealInterceptorChain.java:121)
	at okhttp3.RealCall.getResponseWithInterceptorChain(RealCall.java:200)
	at okhttp3.RealCall.execute(RealCall.java:77)
	at org.openqa.selenium.remote.internal.OkHttpClient.execute(OkHttpClient.java:103)
	at org.openqa.selenium.remote.ProtocolHandshake.createSession(ProtocolHandshake.java:105)
	at io.appium.java_client.remote.AppiumCommandExecutor$1.createSession(AppiumCommandExecutor.java:186)
	at io.appium.java_client.remote.AppiumCommandExecutor.createSession(AppiumCommandExecutor.java:217)
	at io.appium.java_client.remote.AppiumCommandExecutor.execute(AppiumCommandExecutor.java:239)
	at org.openqa.selenium.remote.RemoteWebDriver.execute(RemoteWebDriver.java:552)
	at io.appium.java_client.DefaultGenericMobileDriver.execute(DefaultGenericMobileDriver.java:42)
	at io.appium.java_client.AppiumDriver.execute(AppiumDriver.java:1)
	at io.appium.java_client.windows.WindowsDriver.execute(WindowsDriver.java:1)
	at org.openqa.selenium.remote.RemoteWebDriver.startSession(RemoteWebDriver.java:213)
	at org.openqa.selenium.remote.RemoteWebDriver.<init>(RemoteWebDriver.java:131)
	at io.appium.java_client.DefaultGenericMobileDriver.<init>(DefaultGenericMobileDriver.java:38)
	at io.appium.java_client.AppiumDriver.<init>(AppiumDriver.java:84)
	at io.appium.java_client.windows.WindowsDriver.<init>(WindowsDriver.java:38)
	at com.kms.katalon.core.windows.driver.WindowsDriverFactory.newWindowsDriver(WindowsDriverFactory.java:194)
	at com.kms.katalon.core.windows.driver.WindowsDriverFactory.startApplication(WindowsDriverFactory.java:112)
	at com.kms.katalon.core.windows.driver.WindowsDriverFactory.startApplication(WindowsDriverFactory.java:96)
	at com.kms.katalon.core.windows.driver.WindowsDriverFactory$startApplication.call(Unknown Source)
	at com.kms.katalon.core.windows.keyword.builtin.StartApplicationWithTitleKeyword$_startApplicationWithTitle_closure1.doCall(StartApplicationWithTitleKeyword.groovy:33)
	at com.kms.katalon.core.windows.keyword.builtin.StartApplicationWithTitleKeyword$_startApplicationWithTitle_closure1.doCall(StartApplicationWithTitleKeyword.groovy)
	at com.kms.katalon.core.keyword.internal.KeywordMain.runKeyword(KeywordMain.groovy:90)
	at com.kms.katalon.core.keyword.internal.KeywordMain$runKeyword.call(Unknown Source)
	at com.kms.katalon.core.windows.keyword.builtin.StartApplicationWithTitleKeyword.startApplicationWithTitle(StartApplicationWithTitleKeyword.groovy:32)
	at com.kms.katalon.core.windows.keyword.builtin.StartApplicationWithTitleKeyword.execute(StartApplicationWithTitleKeyword.groovy:28)
	at com.kms.katalon.core.keyword.internal.KeywordExecutor.executeKeywordForPlatform(KeywordExecutor.groovy:74)
	at com.kms.katalon.core.windows.keyword.WindowsBuiltinKeywords.startApplicationWithTitle(WindowsBuiltinKeywords.java:1064)
	at com.kms.katalon.core.windows.keyword.WindowsBuiltinKeywords$startApplicationWithTitle.call(Unknown Source)
	at Script1685475220651.run(Script1685475220651.groovy:20)
	... 13 more
)
	at com.kms.katalon.core.keyword.internal.KeywordMain.stepFailed(KeywordMain.groovy:51)
	at com.kms.katalon.core.keyword.internal.KeywordMain.stepFailed(KeywordMain.groovy)
	at com.kms.katalon.core.keyword.internal.KeywordMain.runKeyword(KeywordMain.groovy:92)
	at com.kms.katalon.core.keyword.internal.KeywordMain$runKeyword.call(Unknown Source)
	at com.kms.katalon.core.windows.keyword.builtin.StartApplicationWithTitleKeyword.startApplicationWithTitle(StartApplicationWithTitleKeyword.groovy:32)
	at com.kms.katalon.core.windows.keyword.builtin.StartApplicationWithTitleKeyword.execute(StartApplicationWithTitleKeyword.groovy:28)
	at com.kms.katalon.core.keyword.internal.KeywordExecutor.executeKeywordForPlatform(KeywordExecutor.groovy:74)
	at com.kms.katalon.core.windows.keyword.WindowsBuiltinKeywords.startApplicationWithTitle(WindowsBuiltinKeywords.java:1064)
	at com.kms.katalon.core.windows.keyword.WindowsBuiltinKeywords$startApplicationWithTitle.call(Unknown Source)
	at CasoDesktop.run(CasoDesktop:20)
	at com.kms.katalon.core.main.ScriptEngine.run(ScriptEngine.java:194)
	at com.kms.katalon.core.main.ScriptEngine.runScriptAsRawText(ScriptEngine.java:119)
	at com.kms.katalon.core.main.TestCaseExecutor.runScript(TestCaseExecutor.java:448)
	at com.kms.katalon.core.main.TestCaseExecutor.doExecute(TestCaseExecutor.java:439)
	at com.kms.katalon.core.main.TestCaseExecutor.processExecutionPhase(TestCaseExecutor.java:418)
	at com.kms.katalon.core.main.TestCaseExecutor.accessMainPhase(TestCaseExecutor.java:410)
	at com.kms.katalon.core.main.TestCaseExecutor.execute(TestCaseExecutor.java:285)
	at com.kms.katalon.core.common.CommonExecutor.accessTestCaseMainPhase(CommonExecutor.java:65)
	at com.kms.katalon.core.main.TestSuiteExecutor.accessTestSuiteMainPhase(TestSuiteExecutor.java:148)
	at com.kms.katalon.core.main.TestSuiteExecutor.execute(TestSuiteExecutor.java:106)
	at com.kms.katalon.core.main.TestCaseMain.startTestSuite(TestCaseMain.java:187)
	at com.kms.katalon.core.main.TestCaseMain$startTestSuite$0.call(Unknown Source)
	at TempTestSuite1685536956620.run(TempTestSuite1685536956620.groovy:36)
Caused by: org.openqa.selenium.WebDriverException: Connection refused: connect
Build info: version: '3.141.59', revision: 'e82be7d358', time: '2018-11-14T08:25:53'
System info: host: 'NTK0999', ip: '192.168.0.8', os.name: 'Windows 10', os.arch: 'amd64', os.version: '10.0', java.version: '1.8.0_282'
Driver info: driver.version: WindowsDriver
	at io.appium.java_client.remote.AppiumCommandExecutor.lambda$5(AppiumCommandExecutor.java:251)
	at io.appium.java_client.remote.AppiumCommandExecutor.execute(AppiumCommandExecutor.java:250)
	at org.openqa.selenium.remote.RemoteWebDriver.execute(RemoteWebDriver.java:552)
	at io.appium.java_client.DefaultGenericMobileDriver.execute(DefaultGenericMobileDriver.java:42)
	at io.appium.java_client.AppiumDriver.execute(AppiumDriver.java:1)
	at io.appium.java_client.windows.WindowsDriver.execute(WindowsDriver.java:1)
	at org.openqa.selenium.remote.RemoteWebDriver.startSession(RemoteWebDriver.java:213)
	at org.openqa.selenium.remote.RemoteWebDriver.<init>(RemoteWebDriver.java:131)
	at io.appium.java_client.DefaultGenericMobileDriver.<init>(DefaultGenericMobileDriver.java:38)
	at io.appium.java_client.AppiumDriver.<init>(AppiumDriver.java:84)
	at io.appium.java_client.windows.WindowsDriver.<init>(WindowsDriver.java:38)
	at com.kms.katalon.core.windows.driver.WindowsDriverFactory.newWindowsDriver(WindowsDriverFactory.java:194)
	at com.kms.katalon.core.windows.driver.WindowsDriverFactory.startApplication(WindowsDriverFactory.java:112)
	at com.kms.katalon.core.windows.driver.WindowsDriverFactory.startApplication(WindowsDriverFactory.java:96)
	at com.kms.katalon.core.windows.driver.WindowsDriverFactory$startApplication.call(Unknown Source)
	at com.kms.katalon.core.windows.keyword.builtin.StartApplicationWithTitleKeyword$_startApplicationWithTitle_closure1.doCall(StartApplicationWithTitleKeyword.groovy:33)
	at com.kms.katalon.core.windows.keyword.builtin.StartApplicationWithTitleKeyword$_startApplicationWithTitle_closure1.doCall(StartApplicationWithTitleKeyword.groovy)
	at com.kms.katalon.core.keyword.internal.KeywordMain.runKeyword(KeywordMain.groovy:90)
	... 20 more
Caused by: java.net.ConnectException: Connection refused: connect
	at okhttp3.internal.platform.Platform.connectSocket(Platform.java:129)
	at okhttp3.internal.connection.RealConnection.connectSocket(RealConnection.java:245)
	at okhttp3.internal.connection.RealConnection.connect(RealConnection.java:165)
	at okhttp3.internal.connection.StreamAllocation.findConnection(StreamAllocation.java:257)
	at okhttp3.internal.connection.StreamAllocation.findHealthyConnection(StreamAllocation.java:135)
	at okhttp3.internal.connection.StreamAllocation.newStream(StreamAllocation.java:114)
	at okhttp3.internal.connection.ConnectInterceptor.intercept(ConnectInterceptor.java:42)
	at okhttp3.internal.http.RealInterceptorChain.proceed(RealInterceptorChain.java:147)
	at okhttp3.internal.http.RealInterceptorChain.proceed(RealInterceptorChain.java:121)
	at okhttp3.internal.cache.CacheInterceptor.intercept(CacheInterceptor.java:93)
	at okhttp3.internal.http.RealInterceptorChain.proceed(RealInterceptorChain.java:147)
	at okhttp3.internal.http.RealInterceptorChain.proceed(RealInterceptorChain.java:121)
	at okhttp3.internal.http.BridgeInterceptor.intercept(BridgeInterceptor.java:93)
	at okhttp3.internal.http.RealInterceptorChain.proceed(RealInterceptorChain.java:147)
	at okhttp3.internal.http.RetryAndFollowUpInterceptor.intercept(RetryAndFollowUpInterceptor.java:126)
	at okhttp3.internal.http.RealInterceptorChain.proceed(RealInterceptorChain.java:147)
	at okhttp3.internal.http.RealInterceptorChain.proceed(RealInterceptorChain.java:121)
	at okhttp3.RealCall.getResponseWithInterceptorChain(RealCall.java:200)
	at okhttp3.RealCall.execute(RealCall.java:77)
	at org.openqa.selenium.remote.internal.OkHttpClient.execute(OkHttpClient.java:103)
	at org.openqa.selenium.remote.ProtocolHandshake.createSession(ProtocolHandshake.java:105)
	at io.appium.java_client.remote.AppiumCommandExecutor$1.createSession(AppiumCommandExecutor.java:186)
	at io.appium.java_client.remote.AppiumCommandExecutor.createSession(AppiumCommandExecutor.java:217)
	at io.appium.java_client.remote.AppiumCommandExecutor.execute(AppiumCommandExecutor.java:239)
	... 36 more]]></system-err>
   </testsuite>
</testsuites>
